ARM GAS  C:\Users\manthing\AppData\Local\Temp\cc77ahon.s 			page 1


   1              		.cpu cortex-m4
   2              		.arch armv7e-m
   3              		.fpu fpv4-sp-d16
   4              		.eabi_attribute 27, 1
   5              		.eabi_attribute 28, 1
   6              		.eabi_attribute 20, 1
   7              		.eabi_attribute 21, 1
   8              		.eabi_attribute 23, 3
   9              		.eabi_attribute 24, 1
  10              		.eabi_attribute 25, 1
  11              		.eabi_attribute 26, 1
  12              		.eabi_attribute 30, 1
  13              		.eabi_attribute 34, 1
  14              		.eabi_attribute 18, 4
  15              		.file	"main.c"
  16              		.text
  17              	.Ltext0:
  18              		.cfi_sections	.debug_frame
  19              		.section	.text.MX_GPIO_Init,"ax",%progbits
  20              		.align	1
  21              		.syntax unified
  22              		.thumb
  23              		.thumb_func
  25              	MX_GPIO_Init:
  26              	.LFB133:
  27              		.file 1 "Src/main.c"
   1:Src/main.c    **** /* USER CODE BEGIN Header */
   2:Src/main.c    **** /**
   3:Src/main.c    ****   ******************************************************************************
   4:Src/main.c    ****   * @file           : main.c
   5:Src/main.c    ****   * @brief          : Main program body
   6:Src/main.c    ****   ******************************************************************************
   7:Src/main.c    ****   * @attention
   8:Src/main.c    ****   *
   9:Src/main.c    ****   * Copyright (c) 2023 STMicroelectronics.
  10:Src/main.c    ****   * All rights reserved.
  11:Src/main.c    ****   *
  12:Src/main.c    ****   * This software is licensed under terms that can be found in the LICENSE file
  13:Src/main.c    ****   * in the root directory of this software component.
  14:Src/main.c    ****   * If no LICENSE file comes with this software, it is provided AS-IS.
  15:Src/main.c    ****   *
  16:Src/main.c    ****   ******************************************************************************
  17:Src/main.c    ****   */
  18:Src/main.c    **** /* USER CODE END Header */
  19:Src/main.c    **** /* Includes ------------------------------------------------------------------*/
  20:Src/main.c    **** #include "main.h"
  21:Src/main.c    **** 
  22:Src/main.c    **** /* Private includes ----------------------------------------------------------*/
  23:Src/main.c    **** /* USER CODE BEGIN Includes */
  24:Src/main.c    **** 
  25:Src/main.c    **** /* USER CODE END Includes */
  26:Src/main.c    **** 
  27:Src/main.c    **** /* Private typedef -----------------------------------------------------------*/
  28:Src/main.c    **** /* USER CODE BEGIN PTD */
  29:Src/main.c    **** 
  30:Src/main.c    **** /* USER CODE END PTD */
  31:Src/main.c    **** 
ARM GAS  C:\Users\manthing\AppData\Local\Temp\cc77ahon.s 			page 2


  32:Src/main.c    **** /* Private define ------------------------------------------------------------*/
  33:Src/main.c    **** /* USER CODE BEGIN PD */
  34:Src/main.c    **** 
  35:Src/main.c    **** /* USER CODE END PD */
  36:Src/main.c    **** 
  37:Src/main.c    **** /* Private macro -------------------------------------------------------------*/
  38:Src/main.c    **** /* USER CODE BEGIN PM */
  39:Src/main.c    **** 
  40:Src/main.c    **** /* USER CODE END PM */
  41:Src/main.c    **** 
  42:Src/main.c    **** /* Private variables ---------------------------------------------------------*/
  43:Src/main.c    **** SPI_HandleTypeDef hspi1;
  44:Src/main.c    **** 
  45:Src/main.c    **** /* USER CODE BEGIN PV */
  46:Src/main.c    **** 
  47:Src/main.c    **** /* USER CODE END PV */
  48:Src/main.c    **** 
  49:Src/main.c    **** /* Private function prototypes -----------------------------------------------*/
  50:Src/main.c    **** void SystemClock_Config(void);
  51:Src/main.c    **** static void MX_GPIO_Init(void);
  52:Src/main.c    **** static void MX_SPI1_Init(void);
  53:Src/main.c    **** /* USER CODE BEGIN PFP */
  54:Src/main.c    **** 
  55:Src/main.c    **** /* USER CODE END PFP */
  56:Src/main.c    **** 
  57:Src/main.c    **** /* Private user code ---------------------------------------------------------*/
  58:Src/main.c    **** /* USER CODE BEGIN 0 */
  59:Src/main.c    **** 
  60:Src/main.c    **** /* USER CODE END 0 */
  61:Src/main.c    **** 
  62:Src/main.c    **** /**
  63:Src/main.c    ****   * @brief  The application entry point.
  64:Src/main.c    ****   * @retval int
  65:Src/main.c    ****   */
  66:Src/main.c    **** int main(void)
  67:Src/main.c    **** {
  68:Src/main.c    ****   /* USER CODE BEGIN 1 */
  69:Src/main.c    **** 
  70:Src/main.c    ****   /* USER CODE END 1 */
  71:Src/main.c    **** 
  72:Src/main.c    ****   /* MCU Configuration--------------------------------------------------------*/
  73:Src/main.c    **** 
  74:Src/main.c    ****   /* Reset of all peripherals, Initializes the Flash interface and the Systick. */
  75:Src/main.c    ****   HAL_Init();
  76:Src/main.c    **** 
  77:Src/main.c    ****   /* USER CODE BEGIN Init */
  78:Src/main.c    **** 
  79:Src/main.c    ****   /* USER CODE END Init */
  80:Src/main.c    **** 
  81:Src/main.c    ****   /* Configure the system clock */
  82:Src/main.c    ****   SystemClock_Config();
  83:Src/main.c    **** 
  84:Src/main.c    ****   /* USER CODE BEGIN SysInit */
  85:Src/main.c    **** 
  86:Src/main.c    ****   /* USER CODE END SysInit */
  87:Src/main.c    **** 
  88:Src/main.c    ****   /* Initialize all configured peripherals */
ARM GAS  C:\Users\manthing\AppData\Local\Temp\cc77ahon.s 			page 3


  89:Src/main.c    ****   MX_GPIO_Init();
  90:Src/main.c    ****   MX_SPI1_Init();
  91:Src/main.c    ****   /* USER CODE BEGIN 2 */
  92:Src/main.c    **** 
  93:Src/main.c    ****   /* USER CODE END 2 */
  94:Src/main.c    **** 
  95:Src/main.c    ****   /* Infinite loop */
  96:Src/main.c    ****   /* USER CODE BEGIN WHILE */
  97:Src/main.c    ****   while (1)
  98:Src/main.c    ****   {
  99:Src/main.c    ****     HAL_GPIO_TogglePin(GPIOD, GPIO_PIN_12);
 100:Src/main.c    ****     HAL_Delay(200);
 101:Src/main.c    **** 
 102:Src/main.c    ****     /* USER CODE END WHILE */
 103:Src/main.c    **** 
 104:Src/main.c    ****     /* USER CODE BEGIN 3 */
 105:Src/main.c    ****   }
 106:Src/main.c    ****   /* USER CODE END 3 */
 107:Src/main.c    **** }
 108:Src/main.c    **** 
 109:Src/main.c    **** /**
 110:Src/main.c    ****   * @brief System Clock Configuration
 111:Src/main.c    ****   * @retval None
 112:Src/main.c    ****   */
 113:Src/main.c    **** void SystemClock_Config(void)
 114:Src/main.c    **** {
 115:Src/main.c    ****   RCC_OscInitTypeDef RCC_OscInitStruct = {0};
 116:Src/main.c    ****   RCC_ClkInitTypeDef RCC_ClkInitStruct = {0};
 117:Src/main.c    **** 
 118:Src/main.c    ****   /** Configure the main internal regulator output voltage
 119:Src/main.c    ****   */
 120:Src/main.c    ****   __HAL_RCC_PWR_CLK_ENABLE();
 121:Src/main.c    ****   __HAL_PWR_VOLTAGESCALING_CONFIG(PWR_REGULATOR_VOLTAGE_SCALE1);
 122:Src/main.c    **** 
 123:Src/main.c    ****   /** Initializes the RCC Oscillators according to the specified parameters
 124:Src/main.c    ****   * in the RCC_OscInitTypeDef structure.
 125:Src/main.c    ****   */
 126:Src/main.c    ****   RCC_OscInitStruct.OscillatorType = RCC_OSCILLATORTYPE_HSI;
 127:Src/main.c    ****   RCC_OscInitStruct.HSIState = RCC_HSI_ON;
 128:Src/main.c    ****   RCC_OscInitStruct.HSICalibrationValue = RCC_HSICALIBRATION_DEFAULT;
 129:Src/main.c    ****   RCC_OscInitStruct.PLL.PLLState = RCC_PLL_ON;
 130:Src/main.c    ****   RCC_OscInitStruct.PLL.PLLSource = RCC_PLLSOURCE_HSI;
 131:Src/main.c    ****   RCC_OscInitStruct.PLL.PLLM = 8;
 132:Src/main.c    ****   RCC_OscInitStruct.PLL.PLLN = 64;
 133:Src/main.c    ****   RCC_OscInitStruct.PLL.PLLP = RCC_PLLP_DIV2;
 134:Src/main.c    ****   RCC_OscInitStruct.PLL.PLLQ = 4;
 135:Src/main.c    ****   if (HAL_RCC_OscConfig(&RCC_OscInitStruct) != HAL_OK)
 136:Src/main.c    ****   {
 137:Src/main.c    ****     Error_Handler();
 138:Src/main.c    ****   }
 139:Src/main.c    **** 
 140:Src/main.c    ****   /** Initializes the CPU, AHB and APB buses clocks
 141:Src/main.c    ****   */
 142:Src/main.c    ****   RCC_ClkInitStruct.ClockType = RCC_CLOCKTYPE_HCLK|RCC_CLOCKTYPE_SYSCLK
 143:Src/main.c    ****                               |RCC_CLOCKTYPE_PCLK1|RCC_CLOCKTYPE_PCLK2;
 144:Src/main.c    ****   RCC_ClkInitStruct.SYSCLKSource = RCC_SYSCLKSOURCE_PLLCLK;
 145:Src/main.c    ****   RCC_ClkInitStruct.AHBCLKDivider = RCC_SYSCLK_DIV8;
ARM GAS  C:\Users\manthing\AppData\Local\Temp\cc77ahon.s 			page 4


 146:Src/main.c    ****   RCC_ClkInitStruct.APB1CLKDivider = RCC_HCLK_DIV4;
 147:Src/main.c    ****   RCC_ClkInitStruct.APB2CLKDivider = RCC_HCLK_DIV1;
 148:Src/main.c    **** 
 149:Src/main.c    ****   if (HAL_RCC_ClockConfig(&RCC_ClkInitStruct, FLASH_LATENCY_0) != HAL_OK)
 150:Src/main.c    ****   {
 151:Src/main.c    ****     Error_Handler();
 152:Src/main.c    ****   }
 153:Src/main.c    **** }
 154:Src/main.c    **** 
 155:Src/main.c    **** /**
 156:Src/main.c    ****   * @brief SPI1 Initialization Function
 157:Src/main.c    ****   * @param None
 158:Src/main.c    ****   * @retval None
 159:Src/main.c    ****   */
 160:Src/main.c    **** static void MX_SPI1_Init(void)
 161:Src/main.c    **** {
 162:Src/main.c    **** 
 163:Src/main.c    ****   /* USER CODE BEGIN SPI1_Init 0 */
 164:Src/main.c    **** 
 165:Src/main.c    ****   /* USER CODE END SPI1_Init 0 */
 166:Src/main.c    **** 
 167:Src/main.c    ****   /* USER CODE BEGIN SPI1_Init 1 */
 168:Src/main.c    **** 
 169:Src/main.c    ****   /* USER CODE END SPI1_Init 1 */
 170:Src/main.c    ****   /* SPI1 parameter configuration*/
 171:Src/main.c    ****   hspi1.Instance = SPI1;
 172:Src/main.c    ****   hspi1.Init.Mode = SPI_MODE_MASTER;
 173:Src/main.c    ****   hspi1.Init.Direction = SPI_DIRECTION_2LINES;
 174:Src/main.c    ****   hspi1.Init.DataSize = SPI_DATASIZE_8BIT;
 175:Src/main.c    ****   hspi1.Init.CLKPolarity = SPI_POLARITY_LOW;
 176:Src/main.c    ****   hspi1.Init.CLKPhase = SPI_PHASE_1EDGE;
 177:Src/main.c    ****   hspi1.Init.NSS = SPI_NSS_SOFT;
 178:Src/main.c    ****   hspi1.Init.BaudRatePrescaler = SPI_BAUDRATEPRESCALER_2;
 179:Src/main.c    ****   hspi1.Init.FirstBit = SPI_FIRSTBIT_MSB;
 180:Src/main.c    ****   hspi1.Init.TIMode = SPI_TIMODE_DISABLE;
 181:Src/main.c    ****   hspi1.Init.CRCCalculation = SPI_CRCCALCULATION_DISABLE;
 182:Src/main.c    ****   hspi1.Init.CRCPolynomial = 10;
 183:Src/main.c    ****   if (HAL_SPI_Init(&hspi1) != HAL_OK)
 184:Src/main.c    ****   {
 185:Src/main.c    ****     Error_Handler();
 186:Src/main.c    ****   }
 187:Src/main.c    ****   /* USER CODE BEGIN SPI1_Init 2 */
 188:Src/main.c    **** 
 189:Src/main.c    ****   /* USER CODE END SPI1_Init 2 */
 190:Src/main.c    **** 
 191:Src/main.c    **** }
 192:Src/main.c    **** 
 193:Src/main.c    **** /**
 194:Src/main.c    ****   * @brief GPIO Initialization Function
 195:Src/main.c    ****   * @param None
 196:Src/main.c    ****   * @retval None
 197:Src/main.c    ****   */
 198:Src/main.c    **** static void MX_GPIO_Init(void)
 199:Src/main.c    **** {
  28              		.loc 1 199 1 view -0
  29              		.cfi_startproc
  30              		@ args = 0, pretend = 0, frame = 48
ARM GAS  C:\Users\manthing\AppData\Local\Temp\cc77ahon.s 			page 5


  31              		@ frame_needed = 0, uses_anonymous_args = 0
  32 0000 2DE9F04F 		push	{r4, r5, r6, r7, r8, r9, r10, fp, lr}
  33              	.LCFI0:
  34              		.cfi_def_cfa_offset 36
  35              		.cfi_offset 4, -36
  36              		.cfi_offset 5, -32
  37              		.cfi_offset 6, -28
  38              		.cfi_offset 7, -24
  39              		.cfi_offset 8, -20
  40              		.cfi_offset 9, -16
  41              		.cfi_offset 10, -12
  42              		.cfi_offset 11, -8
  43              		.cfi_offset 14, -4
  44 0004 8DB0     		sub	sp, sp, #52
  45              	.LCFI1:
  46              		.cfi_def_cfa_offset 88
 200:Src/main.c    ****   GPIO_InitTypeDef GPIO_InitStruct = {0};
  47              		.loc 1 200 3 view .LVU1
  48              		.loc 1 200 20 is_stmt 0 view .LVU2
  49 0006 0024     		movs	r4, #0
  50 0008 0794     		str	r4, [sp, #28]
  51 000a 0894     		str	r4, [sp, #32]
  52 000c 0994     		str	r4, [sp, #36]
  53 000e 0A94     		str	r4, [sp, #40]
  54 0010 0B94     		str	r4, [sp, #44]
 201:Src/main.c    **** /* USER CODE BEGIN MX_GPIO_Init_1 */
 202:Src/main.c    **** /* USER CODE END MX_GPIO_Init_1 */
 203:Src/main.c    **** 
 204:Src/main.c    ****   /* GPIO Ports Clock Enable */
 205:Src/main.c    ****   __HAL_RCC_GPIOE_CLK_ENABLE();
  55              		.loc 1 205 3 is_stmt 1 view .LVU3
  56              	.LBB4:
  57              		.loc 1 205 3 view .LVU4
  58 0012 0194     		str	r4, [sp, #4]
  59              		.loc 1 205 3 view .LVU5
  60 0014 754B     		ldr	r3, .L3
  61 0016 1A6B     		ldr	r2, [r3, #48]
  62 0018 42F01002 		orr	r2, r2, #16
  63 001c 1A63     		str	r2, [r3, #48]
  64              		.loc 1 205 3 view .LVU6
  65 001e 1A6B     		ldr	r2, [r3, #48]
  66 0020 02F01002 		and	r2, r2, #16
  67 0024 0192     		str	r2, [sp, #4]
  68              		.loc 1 205 3 view .LVU7
  69 0026 019A     		ldr	r2, [sp, #4]
  70              	.LBE4:
  71              		.loc 1 205 3 view .LVU8
 206:Src/main.c    ****   __HAL_RCC_GPIOC_CLK_ENABLE();
  72              		.loc 1 206 3 view .LVU9
  73              	.LBB5:
  74              		.loc 1 206 3 view .LVU10
  75 0028 0294     		str	r4, [sp, #8]
  76              		.loc 1 206 3 view .LVU11
  77 002a 1A6B     		ldr	r2, [r3, #48]
  78 002c 42F00402 		orr	r2, r2, #4
  79 0030 1A63     		str	r2, [r3, #48]
  80              		.loc 1 206 3 view .LVU12
ARM GAS  C:\Users\manthing\AppData\Local\Temp\cc77ahon.s 			page 6


  81 0032 1A6B     		ldr	r2, [r3, #48]
  82 0034 02F00402 		and	r2, r2, #4
  83 0038 0292     		str	r2, [sp, #8]
  84              		.loc 1 206 3 view .LVU13
  85 003a 029A     		ldr	r2, [sp, #8]
  86              	.LBE5:
  87              		.loc 1 206 3 view .LVU14
 207:Src/main.c    ****   __HAL_RCC_GPIOH_CLK_ENABLE();
  88              		.loc 1 207 3 view .LVU15
  89              	.LBB6:
  90              		.loc 1 207 3 view .LVU16
  91 003c 0394     		str	r4, [sp, #12]
  92              		.loc 1 207 3 view .LVU17
  93 003e 1A6B     		ldr	r2, [r3, #48]
  94 0040 42F08002 		orr	r2, r2, #128
  95 0044 1A63     		str	r2, [r3, #48]
  96              		.loc 1 207 3 view .LVU18
  97 0046 1A6B     		ldr	r2, [r3, #48]
  98 0048 02F08002 		and	r2, r2, #128
  99 004c 0392     		str	r2, [sp, #12]
 100              		.loc 1 207 3 view .LVU19
 101 004e 039A     		ldr	r2, [sp, #12]
 102              	.LBE6:
 103              		.loc 1 207 3 view .LVU20
 208:Src/main.c    ****   __HAL_RCC_GPIOA_CLK_ENABLE();
 104              		.loc 1 208 3 view .LVU21
 105              	.LBB7:
 106              		.loc 1 208 3 view .LVU22
 107 0050 0494     		str	r4, [sp, #16]
 108              		.loc 1 208 3 view .LVU23
 109 0052 1A6B     		ldr	r2, [r3, #48]
 110 0054 42F00102 		orr	r2, r2, #1
 111 0058 1A63     		str	r2, [r3, #48]
 112              		.loc 1 208 3 view .LVU24
 113 005a 1A6B     		ldr	r2, [r3, #48]
 114 005c 02F00102 		and	r2, r2, #1
 115 0060 0492     		str	r2, [sp, #16]
 116              		.loc 1 208 3 view .LVU25
 117 0062 049A     		ldr	r2, [sp, #16]
 118              	.LBE7:
 119              		.loc 1 208 3 view .LVU26
 209:Src/main.c    ****   __HAL_RCC_GPIOB_CLK_ENABLE();
 120              		.loc 1 209 3 view .LVU27
 121              	.LBB8:
 122              		.loc 1 209 3 view .LVU28
 123 0064 0594     		str	r4, [sp, #20]
 124              		.loc 1 209 3 view .LVU29
 125 0066 1A6B     		ldr	r2, [r3, #48]
 126 0068 42F00202 		orr	r2, r2, #2
 127 006c 1A63     		str	r2, [r3, #48]
 128              		.loc 1 209 3 view .LVU30
 129 006e 1A6B     		ldr	r2, [r3, #48]
 130 0070 02F00202 		and	r2, r2, #2
 131 0074 0592     		str	r2, [sp, #20]
 132              		.loc 1 209 3 view .LVU31
 133 0076 059A     		ldr	r2, [sp, #20]
 134              	.LBE8:
ARM GAS  C:\Users\manthing\AppData\Local\Temp\cc77ahon.s 			page 7


 135              		.loc 1 209 3 view .LVU32
 210:Src/main.c    ****   __HAL_RCC_GPIOD_CLK_ENABLE();
 136              		.loc 1 210 3 view .LVU33
 137              	.LBB9:
 138              		.loc 1 210 3 view .LVU34
 139 0078 0694     		str	r4, [sp, #24]
 140              		.loc 1 210 3 view .LVU35
 141 007a 1A6B     		ldr	r2, [r3, #48]
 142 007c 42F00802 		orr	r2, r2, #8
 143 0080 1A63     		str	r2, [r3, #48]
 144              		.loc 1 210 3 view .LVU36
 145 0082 1B6B     		ldr	r3, [r3, #48]
 146 0084 03F00803 		and	r3, r3, #8
 147 0088 0693     		str	r3, [sp, #24]
 148              		.loc 1 210 3 view .LVU37
 149 008a 069B     		ldr	r3, [sp, #24]
 150              	.LBE9:
 151              		.loc 1 210 3 view .LVU38
 211:Src/main.c    **** 
 212:Src/main.c    ****   /*Configure GPIO pin Output Level */
 213:Src/main.c    ****   HAL_GPIO_WritePin(CS_I2C_SPI_GPIO_Port, CS_I2C_SPI_Pin, GPIO_PIN_RESET);
 152              		.loc 1 213 3 view .LVU39
 153 008c 584E     		ldr	r6, .L3+4
 154 008e 2246     		mov	r2, r4
 155 0090 0821     		movs	r1, #8
 156 0092 3046     		mov	r0, r6
 157 0094 FFF7FEFF 		bl	HAL_GPIO_WritePin
 158              	.LVL0:
 214:Src/main.c    **** 
 215:Src/main.c    ****   /*Configure GPIO pin Output Level */
 216:Src/main.c    ****   HAL_GPIO_WritePin(OTG_FS_PowerSwitchOn_GPIO_Port, OTG_FS_PowerSwitchOn_Pin, GPIO_PIN_SET);
 159              		.loc 1 216 3 view .LVU40
 160 0098 DFF85C81 		ldr	r8, .L3+12
 161 009c 0122     		movs	r2, #1
 162 009e 1146     		mov	r1, r2
 163 00a0 4046     		mov	r0, r8
 164 00a2 FFF7FEFF 		bl	HAL_GPIO_WritePin
 165              	.LVL1:
 217:Src/main.c    **** 
 218:Src/main.c    ****   /*Configure GPIO pin Output Level */
 219:Src/main.c    ****   HAL_GPIO_WritePin(GPIOD, LD4_Pin|LD3_Pin|LD5_Pin|LD6_Pin
 166              		.loc 1 219 3 view .LVU41
 167 00a6 DFF85491 		ldr	r9, .L3+16
 168 00aa 2246     		mov	r2, r4
 169 00ac 4FF21001 		movw	r1, #61456
 170 00b0 4846     		mov	r0, r9
 171 00b2 FFF7FEFF 		bl	HAL_GPIO_WritePin
 172              	.LVL2:
 220:Src/main.c    ****                           |Audio_RST_Pin, GPIO_PIN_RESET);
 221:Src/main.c    **** 
 222:Src/main.c    ****   /*Configure GPIO pin : DATA_Ready_Pin */
 223:Src/main.c    ****   GPIO_InitStruct.Pin = DATA_Ready_Pin;
 173              		.loc 1 223 3 view .LVU42
 174              		.loc 1 223 23 is_stmt 0 view .LVU43
 175 00b6 0423     		movs	r3, #4
 176 00b8 0793     		str	r3, [sp, #28]
 224:Src/main.c    ****   GPIO_InitStruct.Mode = GPIO_MODE_INPUT;
ARM GAS  C:\Users\manthing\AppData\Local\Temp\cc77ahon.s 			page 8


 177              		.loc 1 224 3 is_stmt 1 view .LVU44
 178              		.loc 1 224 24 is_stmt 0 view .LVU45
 179 00ba 0894     		str	r4, [sp, #32]
 225:Src/main.c    ****   GPIO_InitStruct.Pull = GPIO_NOPULL;
 180              		.loc 1 225 3 is_stmt 1 view .LVU46
 181              		.loc 1 225 24 is_stmt 0 view .LVU47
 182 00bc 0994     		str	r4, [sp, #36]
 226:Src/main.c    ****   HAL_GPIO_Init(DATA_Ready_GPIO_Port, &GPIO_InitStruct);
 183              		.loc 1 226 3 is_stmt 1 view .LVU48
 184 00be 07A9     		add	r1, sp, #28
 185 00c0 3046     		mov	r0, r6
 186 00c2 FFF7FEFF 		bl	HAL_GPIO_Init
 187              	.LVL3:
 227:Src/main.c    **** 
 228:Src/main.c    ****   /*Configure GPIO pin : CS_I2C_SPI_Pin */
 229:Src/main.c    ****   GPIO_InitStruct.Pin = CS_I2C_SPI_Pin;
 188              		.loc 1 229 3 view .LVU49
 189              		.loc 1 229 23 is_stmt 0 view .LVU50
 190 00c6 4FF0080A 		mov	r10, #8
 191 00ca CDF81CA0 		str	r10, [sp, #28]
 230:Src/main.c    ****   GPIO_InitStruct.Mode = GPIO_MODE_OUTPUT_PP;
 192              		.loc 1 230 3 is_stmt 1 view .LVU51
 193              		.loc 1 230 24 is_stmt 0 view .LVU52
 194 00ce 0125     		movs	r5, #1
 195 00d0 0895     		str	r5, [sp, #32]
 231:Src/main.c    ****   GPIO_InitStruct.Pull = GPIO_NOPULL;
 196              		.loc 1 231 3 is_stmt 1 view .LVU53
 197              		.loc 1 231 24 is_stmt 0 view .LVU54
 198 00d2 0994     		str	r4, [sp, #36]
 232:Src/main.c    ****   GPIO_InitStruct.Speed = GPIO_SPEED_FREQ_LOW;
 199              		.loc 1 232 3 is_stmt 1 view .LVU55
 200              		.loc 1 232 25 is_stmt 0 view .LVU56
 201 00d4 0A94     		str	r4, [sp, #40]
 233:Src/main.c    ****   HAL_GPIO_Init(CS_I2C_SPI_GPIO_Port, &GPIO_InitStruct);
 202              		.loc 1 233 3 is_stmt 1 view .LVU57
 203 00d6 07A9     		add	r1, sp, #28
 204 00d8 3046     		mov	r0, r6
 205 00da FFF7FEFF 		bl	HAL_GPIO_Init
 206              	.LVL4:
 234:Src/main.c    **** 
 235:Src/main.c    ****   /*Configure GPIO pins : INT1_Pin INT2_Pin MEMS_INT2_Pin */
 236:Src/main.c    ****   GPIO_InitStruct.Pin = INT1_Pin|INT2_Pin|MEMS_INT2_Pin;
 207              		.loc 1 236 3 view .LVU58
 208              		.loc 1 236 23 is_stmt 0 view .LVU59
 209 00de 3223     		movs	r3, #50
 210 00e0 0793     		str	r3, [sp, #28]
 237:Src/main.c    ****   GPIO_InitStruct.Mode = GPIO_MODE_EVT_RISING;
 211              		.loc 1 237 3 is_stmt 1 view .LVU60
 212              		.loc 1 237 24 is_stmt 0 view .LVU61
 213 00e2 4FF49017 		mov	r7, #1179648
 214 00e6 0897     		str	r7, [sp, #32]
 238:Src/main.c    ****   GPIO_InitStruct.Pull = GPIO_NOPULL;
 215              		.loc 1 238 3 is_stmt 1 view .LVU62
 216              		.loc 1 238 24 is_stmt 0 view .LVU63
 217 00e8 0994     		str	r4, [sp, #36]
 239:Src/main.c    ****   HAL_GPIO_Init(GPIOE, &GPIO_InitStruct);
 218              		.loc 1 239 3 is_stmt 1 view .LVU64
ARM GAS  C:\Users\manthing\AppData\Local\Temp\cc77ahon.s 			page 9


 219 00ea 07A9     		add	r1, sp, #28
 220 00ec 3046     		mov	r0, r6
 221 00ee FFF7FEFF 		bl	HAL_GPIO_Init
 222              	.LVL5:
 240:Src/main.c    **** 
 241:Src/main.c    ****   /*Configure GPIO pin : OTG_FS_PowerSwitchOn_Pin */
 242:Src/main.c    ****   GPIO_InitStruct.Pin = OTG_FS_PowerSwitchOn_Pin;
 223              		.loc 1 242 3 view .LVU65
 224              		.loc 1 242 23 is_stmt 0 view .LVU66
 225 00f2 0795     		str	r5, [sp, #28]
 243:Src/main.c    ****   GPIO_InitStruct.Mode = GPIO_MODE_OUTPUT_PP;
 226              		.loc 1 243 3 is_stmt 1 view .LVU67
 227              		.loc 1 243 24 is_stmt 0 view .LVU68
 228 00f4 0895     		str	r5, [sp, #32]
 244:Src/main.c    ****   GPIO_InitStruct.Pull = GPIO_NOPULL;
 229              		.loc 1 244 3 is_stmt 1 view .LVU69
 230              		.loc 1 244 24 is_stmt 0 view .LVU70
 231 00f6 0994     		str	r4, [sp, #36]
 245:Src/main.c    ****   GPIO_InitStruct.Speed = GPIO_SPEED_FREQ_LOW;
 232              		.loc 1 245 3 is_stmt 1 view .LVU71
 233              		.loc 1 245 25 is_stmt 0 view .LVU72
 234 00f8 0A94     		str	r4, [sp, #40]
 246:Src/main.c    ****   HAL_GPIO_Init(OTG_FS_PowerSwitchOn_GPIO_Port, &GPIO_InitStruct);
 235              		.loc 1 246 3 is_stmt 1 view .LVU73
 236 00fa 07A9     		add	r1, sp, #28
 237 00fc 4046     		mov	r0, r8
 238 00fe FFF7FEFF 		bl	HAL_GPIO_Init
 239              	.LVL6:
 247:Src/main.c    **** 
 248:Src/main.c    ****   /*Configure GPIO pin : PDM_OUT_Pin */
 249:Src/main.c    ****   GPIO_InitStruct.Pin = PDM_OUT_Pin;
 240              		.loc 1 249 3 view .LVU74
 241              		.loc 1 249 23 is_stmt 0 view .LVU75
 242 0102 CDF81CA0 		str	r10, [sp, #28]
 250:Src/main.c    ****   GPIO_InitStruct.Mode = GPIO_MODE_AF_PP;
 243              		.loc 1 250 3 is_stmt 1 view .LVU76
 244              		.loc 1 250 24 is_stmt 0 view .LVU77
 245 0106 0226     		movs	r6, #2
 246 0108 0896     		str	r6, [sp, #32]
 251:Src/main.c    ****   GPIO_InitStruct.Pull = GPIO_NOPULL;
 247              		.loc 1 251 3 is_stmt 1 view .LVU78
 248              		.loc 1 251 24 is_stmt 0 view .LVU79
 249 010a 0994     		str	r4, [sp, #36]
 252:Src/main.c    ****   GPIO_InitStruct.Speed = GPIO_SPEED_FREQ_LOW;
 250              		.loc 1 252 3 is_stmt 1 view .LVU80
 251              		.loc 1 252 25 is_stmt 0 view .LVU81
 252 010c 0A94     		str	r4, [sp, #40]
 253:Src/main.c    ****   GPIO_InitStruct.Alternate = GPIO_AF5_SPI2;
 253              		.loc 1 253 3 is_stmt 1 view .LVU82
 254              		.loc 1 253 29 is_stmt 0 view .LVU83
 255 010e 4FF0050A 		mov	r10, #5
 256 0112 CDF82CA0 		str	r10, [sp, #44]
 254:Src/main.c    ****   HAL_GPIO_Init(PDM_OUT_GPIO_Port, &GPIO_InitStruct);
 257              		.loc 1 254 3 is_stmt 1 view .LVU84
 258 0116 07A9     		add	r1, sp, #28
 259 0118 4046     		mov	r0, r8
 260 011a FFF7FEFF 		bl	HAL_GPIO_Init
ARM GAS  C:\Users\manthing\AppData\Local\Temp\cc77ahon.s 			page 10


 261              	.LVL7:
 255:Src/main.c    **** 
 256:Src/main.c    ****   /*Configure GPIO pin : PA0 */
 257:Src/main.c    ****   GPIO_InitStruct.Pin = GPIO_PIN_0;
 262              		.loc 1 257 3 view .LVU85
 263              		.loc 1 257 23 is_stmt 0 view .LVU86
 264 011e 0795     		str	r5, [sp, #28]
 258:Src/main.c    ****   GPIO_InitStruct.Mode = GPIO_MODE_EVT_RISING;
 265              		.loc 1 258 3 is_stmt 1 view .LVU87
 266              		.loc 1 258 24 is_stmt 0 view .LVU88
 267 0120 0897     		str	r7, [sp, #32]
 259:Src/main.c    ****   GPIO_InitStruct.Pull = GPIO_NOPULL;
 268              		.loc 1 259 3 is_stmt 1 view .LVU89
 269              		.loc 1 259 24 is_stmt 0 view .LVU90
 270 0122 0994     		str	r4, [sp, #36]
 260:Src/main.c    ****   HAL_GPIO_Init(GPIOA, &GPIO_InitStruct);
 271              		.loc 1 260 3 is_stmt 1 view .LVU91
 272 0124 334F     		ldr	r7, .L3+8
 273 0126 07A9     		add	r1, sp, #28
 274 0128 3846     		mov	r0, r7
 275 012a FFF7FEFF 		bl	HAL_GPIO_Init
 276              	.LVL8:
 261:Src/main.c    **** 
 262:Src/main.c    ****   /*Configure GPIO pin : I2S3_WS_Pin */
 263:Src/main.c    ****   GPIO_InitStruct.Pin = I2S3_WS_Pin;
 277              		.loc 1 263 3 view .LVU92
 278              		.loc 1 263 23 is_stmt 0 view .LVU93
 279 012e 1023     		movs	r3, #16
 280 0130 0793     		str	r3, [sp, #28]
 264:Src/main.c    ****   GPIO_InitStruct.Mode = GPIO_MODE_AF_PP;
 281              		.loc 1 264 3 is_stmt 1 view .LVU94
 282              		.loc 1 264 24 is_stmt 0 view .LVU95
 283 0132 0896     		str	r6, [sp, #32]
 265:Src/main.c    ****   GPIO_InitStruct.Pull = GPIO_NOPULL;
 284              		.loc 1 265 3 is_stmt 1 view .LVU96
 285              		.loc 1 265 24 is_stmt 0 view .LVU97
 286 0134 0994     		str	r4, [sp, #36]
 266:Src/main.c    ****   GPIO_InitStruct.Speed = GPIO_SPEED_FREQ_LOW;
 287              		.loc 1 266 3 is_stmt 1 view .LVU98
 288              		.loc 1 266 25 is_stmt 0 view .LVU99
 289 0136 0A94     		str	r4, [sp, #40]
 267:Src/main.c    ****   GPIO_InitStruct.Alternate = GPIO_AF6_SPI3;
 290              		.loc 1 267 3 is_stmt 1 view .LVU100
 291              		.loc 1 267 29 is_stmt 0 view .LVU101
 292 0138 4FF0060B 		mov	fp, #6
 293 013c CDF82CB0 		str	fp, [sp, #44]
 268:Src/main.c    ****   HAL_GPIO_Init(I2S3_WS_GPIO_Port, &GPIO_InitStruct);
 294              		.loc 1 268 3 is_stmt 1 view .LVU102
 295 0140 07A9     		add	r1, sp, #28
 296 0142 3846     		mov	r0, r7
 297 0144 FFF7FEFF 		bl	HAL_GPIO_Init
 298              	.LVL9:
 269:Src/main.c    **** 
 270:Src/main.c    ****   /*Configure GPIO pins : CLK_IN_Pin PB12 */
 271:Src/main.c    ****   GPIO_InitStruct.Pin = CLK_IN_Pin|GPIO_PIN_12;
 299              		.loc 1 271 3 view .LVU103
 300              		.loc 1 271 23 is_stmt 0 view .LVU104
ARM GAS  C:\Users\manthing\AppData\Local\Temp\cc77ahon.s 			page 11


 301 0148 4FF4A053 		mov	r3, #5120
 302 014c 0793     		str	r3, [sp, #28]
 272:Src/main.c    ****   GPIO_InitStruct.Mode = GPIO_MODE_AF_PP;
 303              		.loc 1 272 3 is_stmt 1 view .LVU105
 304              		.loc 1 272 24 is_stmt 0 view .LVU106
 305 014e 0896     		str	r6, [sp, #32]
 273:Src/main.c    ****   GPIO_InitStruct.Pull = GPIO_NOPULL;
 306              		.loc 1 273 3 is_stmt 1 view .LVU107
 307              		.loc 1 273 24 is_stmt 0 view .LVU108
 308 0150 0994     		str	r4, [sp, #36]
 274:Src/main.c    ****   GPIO_InitStruct.Speed = GPIO_SPEED_FREQ_LOW;
 309              		.loc 1 274 3 is_stmt 1 view .LVU109
 310              		.loc 1 274 25 is_stmt 0 view .LVU110
 311 0152 0A94     		str	r4, [sp, #40]
 275:Src/main.c    ****   GPIO_InitStruct.Alternate = GPIO_AF5_SPI2;
 312              		.loc 1 275 3 is_stmt 1 view .LVU111
 313              		.loc 1 275 29 is_stmt 0 view .LVU112
 314 0154 CDF82CA0 		str	r10, [sp, #44]
 276:Src/main.c    ****   HAL_GPIO_Init(GPIOB, &GPIO_InitStruct);
 315              		.loc 1 276 3 is_stmt 1 view .LVU113
 316 0158 DFF8A4A0 		ldr	r10, .L3+20
 317 015c 07A9     		add	r1, sp, #28
 318 015e 5046     		mov	r0, r10
 319 0160 FFF7FEFF 		bl	HAL_GPIO_Init
 320              	.LVL10:
 277:Src/main.c    **** 
 278:Src/main.c    ****   /*Configure GPIO pins : LD4_Pin LD3_Pin LD5_Pin LD6_Pin
 279:Src/main.c    ****                            Audio_RST_Pin */
 280:Src/main.c    ****   GPIO_InitStruct.Pin = LD4_Pin|LD3_Pin|LD5_Pin|LD6_Pin
 321              		.loc 1 280 3 view .LVU114
 322              		.loc 1 280 23 is_stmt 0 view .LVU115
 323 0164 4FF21003 		movw	r3, #61456
 324 0168 0793     		str	r3, [sp, #28]
 281:Src/main.c    ****                           |Audio_RST_Pin;
 282:Src/main.c    ****   GPIO_InitStruct.Mode = GPIO_MODE_OUTPUT_PP;
 325              		.loc 1 282 3 is_stmt 1 view .LVU116
 326              		.loc 1 282 24 is_stmt 0 view .LVU117
 327 016a 0895     		str	r5, [sp, #32]
 283:Src/main.c    ****   GPIO_InitStruct.Pull = GPIO_NOPULL;
 328              		.loc 1 283 3 is_stmt 1 view .LVU118
 329              		.loc 1 283 24 is_stmt 0 view .LVU119
 330 016c 0994     		str	r4, [sp, #36]
 284:Src/main.c    ****   GPIO_InitStruct.Speed = GPIO_SPEED_FREQ_LOW;
 331              		.loc 1 284 3 is_stmt 1 view .LVU120
 332              		.loc 1 284 25 is_stmt 0 view .LVU121
 333 016e 0A94     		str	r4, [sp, #40]
 285:Src/main.c    ****   HAL_GPIO_Init(GPIOD, &GPIO_InitStruct);
 334              		.loc 1 285 3 is_stmt 1 view .LVU122
 335 0170 07A9     		add	r1, sp, #28
 336 0172 4846     		mov	r0, r9
 337 0174 FFF7FEFF 		bl	HAL_GPIO_Init
 338              	.LVL11:
 286:Src/main.c    **** 
 287:Src/main.c    ****   /*Configure GPIO pins : I2S3_MCK_Pin I2S3_SCK_Pin I2S3_SD_Pin */
 288:Src/main.c    ****   GPIO_InitStruct.Pin = I2S3_MCK_Pin|I2S3_SCK_Pin|I2S3_SD_Pin;
 339              		.loc 1 288 3 view .LVU123
 340              		.loc 1 288 23 is_stmt 0 view .LVU124
ARM GAS  C:\Users\manthing\AppData\Local\Temp\cc77ahon.s 			page 12


 341 0178 4FF4A453 		mov	r3, #5248
 342 017c 0793     		str	r3, [sp, #28]
 289:Src/main.c    ****   GPIO_InitStruct.Mode = GPIO_MODE_AF_PP;
 343              		.loc 1 289 3 is_stmt 1 view .LVU125
 344              		.loc 1 289 24 is_stmt 0 view .LVU126
 345 017e 0896     		str	r6, [sp, #32]
 290:Src/main.c    ****   GPIO_InitStruct.Pull = GPIO_NOPULL;
 346              		.loc 1 290 3 is_stmt 1 view .LVU127
 347              		.loc 1 290 24 is_stmt 0 view .LVU128
 348 0180 0994     		str	r4, [sp, #36]
 291:Src/main.c    ****   GPIO_InitStruct.Speed = GPIO_SPEED_FREQ_LOW;
 349              		.loc 1 291 3 is_stmt 1 view .LVU129
 350              		.loc 1 291 25 is_stmt 0 view .LVU130
 351 0182 0A94     		str	r4, [sp, #40]
 292:Src/main.c    ****   GPIO_InitStruct.Alternate = GPIO_AF6_SPI3;
 352              		.loc 1 292 3 is_stmt 1 view .LVU131
 353              		.loc 1 292 29 is_stmt 0 view .LVU132
 354 0184 CDF82CB0 		str	fp, [sp, #44]
 293:Src/main.c    ****   HAL_GPIO_Init(GPIOC, &GPIO_InitStruct);
 355              		.loc 1 293 3 is_stmt 1 view .LVU133
 356 0188 07A9     		add	r1, sp, #28
 357 018a 4046     		mov	r0, r8
 358 018c FFF7FEFF 		bl	HAL_GPIO_Init
 359              	.LVL12:
 294:Src/main.c    **** 
 295:Src/main.c    ****   /*Configure GPIO pin : VBUS_FS_Pin */
 296:Src/main.c    ****   GPIO_InitStruct.Pin = VBUS_FS_Pin;
 360              		.loc 1 296 3 view .LVU134
 361              		.loc 1 296 23 is_stmt 0 view .LVU135
 362 0190 4FF40073 		mov	r3, #512
 363 0194 0793     		str	r3, [sp, #28]
 297:Src/main.c    ****   GPIO_InitStruct.Mode = GPIO_MODE_INPUT;
 364              		.loc 1 297 3 is_stmt 1 view .LVU136
 365              		.loc 1 297 24 is_stmt 0 view .LVU137
 366 0196 0894     		str	r4, [sp, #32]
 298:Src/main.c    ****   GPIO_InitStruct.Pull = GPIO_NOPULL;
 367              		.loc 1 298 3 is_stmt 1 view .LVU138
 368              		.loc 1 298 24 is_stmt 0 view .LVU139
 369 0198 0994     		str	r4, [sp, #36]
 299:Src/main.c    ****   HAL_GPIO_Init(VBUS_FS_GPIO_Port, &GPIO_InitStruct);
 370              		.loc 1 299 3 is_stmt 1 view .LVU140
 371 019a 07A9     		add	r1, sp, #28
 372 019c 3846     		mov	r0, r7
 373 019e FFF7FEFF 		bl	HAL_GPIO_Init
 374              	.LVL13:
 300:Src/main.c    **** 
 301:Src/main.c    ****   /*Configure GPIO pins : OTG_FS_ID_Pin OTG_FS_DM_Pin OTG_FS_DP_Pin */
 302:Src/main.c    ****   GPIO_InitStruct.Pin = OTG_FS_ID_Pin|OTG_FS_DM_Pin|OTG_FS_DP_Pin;
 375              		.loc 1 302 3 view .LVU141
 376              		.loc 1 302 23 is_stmt 0 view .LVU142
 377 01a2 4FF4E053 		mov	r3, #7168
 378 01a6 0793     		str	r3, [sp, #28]
 303:Src/main.c    ****   GPIO_InitStruct.Mode = GPIO_MODE_AF_PP;
 379              		.loc 1 303 3 is_stmt 1 view .LVU143
 380              		.loc 1 303 24 is_stmt 0 view .LVU144
 381 01a8 0896     		str	r6, [sp, #32]
 304:Src/main.c    ****   GPIO_InitStruct.Pull = GPIO_NOPULL;
ARM GAS  C:\Users\manthing\AppData\Local\Temp\cc77ahon.s 			page 13


 382              		.loc 1 304 3 is_stmt 1 view .LVU145
 383              		.loc 1 304 24 is_stmt 0 view .LVU146
 384 01aa 0994     		str	r4, [sp, #36]
 305:Src/main.c    ****   GPIO_InitStruct.Speed = GPIO_SPEED_FREQ_VERY_HIGH;
 385              		.loc 1 305 3 is_stmt 1 view .LVU147
 386              		.loc 1 305 25 is_stmt 0 view .LVU148
 387 01ac 0323     		movs	r3, #3
 388 01ae 0A93     		str	r3, [sp, #40]
 306:Src/main.c    ****   GPIO_InitStruct.Alternate = GPIO_AF10_OTG_FS;
 389              		.loc 1 306 3 is_stmt 1 view .LVU149
 390              		.loc 1 306 29 is_stmt 0 view .LVU150
 391 01b0 0A23     		movs	r3, #10
 392 01b2 0B93     		str	r3, [sp, #44]
 307:Src/main.c    ****   HAL_GPIO_Init(GPIOA, &GPIO_InitStruct);
 393              		.loc 1 307 3 is_stmt 1 view .LVU151
 394 01b4 07A9     		add	r1, sp, #28
 395 01b6 3846     		mov	r0, r7
 396 01b8 FFF7FEFF 		bl	HAL_GPIO_Init
 397              	.LVL14:
 308:Src/main.c    **** 
 309:Src/main.c    ****   /*Configure GPIO pin : OTG_FS_OverCurrent_Pin */
 310:Src/main.c    ****   GPIO_InitStruct.Pin = OTG_FS_OverCurrent_Pin;
 398              		.loc 1 310 3 view .LVU152
 399              		.loc 1 310 23 is_stmt 0 view .LVU153
 400 01bc 2023     		movs	r3, #32
 401 01be 0793     		str	r3, [sp, #28]
 311:Src/main.c    ****   GPIO_InitStruct.Mode = GPIO_MODE_INPUT;
 402              		.loc 1 311 3 is_stmt 1 view .LVU154
 403              		.loc 1 311 24 is_stmt 0 view .LVU155
 404 01c0 0894     		str	r4, [sp, #32]
 312:Src/main.c    ****   GPIO_InitStruct.Pull = GPIO_NOPULL;
 405              		.loc 1 312 3 is_stmt 1 view .LVU156
 406              		.loc 1 312 24 is_stmt 0 view .LVU157
 407 01c2 0994     		str	r4, [sp, #36]
 313:Src/main.c    ****   HAL_GPIO_Init(OTG_FS_OverCurrent_GPIO_Port, &GPIO_InitStruct);
 408              		.loc 1 313 3 is_stmt 1 view .LVU158
 409 01c4 07A9     		add	r1, sp, #28
 410 01c6 4846     		mov	r0, r9
 411 01c8 FFF7FEFF 		bl	HAL_GPIO_Init
 412              	.LVL15:
 314:Src/main.c    **** 
 315:Src/main.c    ****   /*Configure GPIO pins : Audio_SCL_Pin Audio_SDA_Pin */
 316:Src/main.c    ****   GPIO_InitStruct.Pin = Audio_SCL_Pin|Audio_SDA_Pin;
 413              		.loc 1 316 3 view .LVU159
 414              		.loc 1 316 23 is_stmt 0 view .LVU160
 415 01cc 4FF41073 		mov	r3, #576
 416 01d0 0793     		str	r3, [sp, #28]
 317:Src/main.c    ****   GPIO_InitStruct.Mode = GPIO_MODE_AF_OD;
 417              		.loc 1 317 3 is_stmt 1 view .LVU161
 418              		.loc 1 317 24 is_stmt 0 view .LVU162
 419 01d2 1223     		movs	r3, #18
 420 01d4 0893     		str	r3, [sp, #32]
 318:Src/main.c    ****   GPIO_InitStruct.Pull = GPIO_PULLUP;
 421              		.loc 1 318 3 is_stmt 1 view .LVU163
 422              		.loc 1 318 24 is_stmt 0 view .LVU164
 423 01d6 0995     		str	r5, [sp, #36]
 319:Src/main.c    ****   GPIO_InitStruct.Speed = GPIO_SPEED_FREQ_LOW;
ARM GAS  C:\Users\manthing\AppData\Local\Temp\cc77ahon.s 			page 14


 424              		.loc 1 319 3 is_stmt 1 view .LVU165
 425              		.loc 1 319 25 is_stmt 0 view .LVU166
 426 01d8 0A94     		str	r4, [sp, #40]
 320:Src/main.c    ****   GPIO_InitStruct.Alternate = GPIO_AF4_I2C1;
 427              		.loc 1 320 3 is_stmt 1 view .LVU167
 428              		.loc 1 320 29 is_stmt 0 view .LVU168
 429 01da 0423     		movs	r3, #4
 430 01dc 0B93     		str	r3, [sp, #44]
 321:Src/main.c    ****   HAL_GPIO_Init(GPIOB, &GPIO_InitStruct);
 431              		.loc 1 321 3 is_stmt 1 view .LVU169
 432 01de 07A9     		add	r1, sp, #28
 433 01e0 5046     		mov	r0, r10
 434 01e2 FFF7FEFF 		bl	HAL_GPIO_Init
 435              	.LVL16:
 322:Src/main.c    **** 
 323:Src/main.c    **** /* USER CODE BEGIN MX_GPIO_Init_2 */
 324:Src/main.c    **** /* USER CODE END MX_GPIO_Init_2 */
 325:Src/main.c    **** }
 436              		.loc 1 325 1 is_stmt 0 view .LVU170
 437 01e6 0DB0     		add	sp, sp, #52
 438              	.LCFI2:
 439              		.cfi_def_cfa_offset 36
 440              		@ sp needed
 441 01e8 BDE8F08F 		pop	{r4, r5, r6, r7, r8, r9, r10, fp, pc}
 442              	.L4:
 443              		.align	2
 444              	.L3:
 445 01ec 00380240 		.word	1073887232
 446 01f0 00100240 		.word	1073876992
 447 01f4 00000240 		.word	1073872896
 448 01f8 00080240 		.word	1073874944
 449 01fc 000C0240 		.word	1073875968
 450 0200 00040240 		.word	1073873920
 451              		.cfi_endproc
 452              	.LFE133:
 454              		.section	.text.Error_Handler,"ax",%progbits
 455              		.align	1
 456              		.global	Error_Handler
 457              		.syntax unified
 458              		.thumb
 459              		.thumb_func
 461              	Error_Handler:
 462              	.LFB134:
 326:Src/main.c    **** 
 327:Src/main.c    **** /* USER CODE BEGIN 4 */
 328:Src/main.c    **** 
 329:Src/main.c    **** /* USER CODE END 4 */
 330:Src/main.c    **** 
 331:Src/main.c    **** /**
 332:Src/main.c    ****   * @brief  This function is executed in case of error occurrence.
 333:Src/main.c    ****   * @retval None
 334:Src/main.c    ****   */
 335:Src/main.c    **** void Error_Handler(void)
 336:Src/main.c    **** {
 463              		.loc 1 336 1 is_stmt 1 view -0
 464              		.cfi_startproc
 465              		@ Volatile: function does not return.
ARM GAS  C:\Users\manthing\AppData\Local\Temp\cc77ahon.s 			page 15


 466              		@ args = 0, pretend = 0, frame = 0
 467              		@ frame_needed = 0, uses_anonymous_args = 0
 468              		@ link register save eliminated.
 337:Src/main.c    ****   /* USER CODE BEGIN Error_Handler_Debug */
 338:Src/main.c    ****   /* User can add his own implementation to report the HAL error return state */
 339:Src/main.c    ****   __disable_irq();
 469              		.loc 1 339 3 view .LVU172
 470              	.LBB10:
 471              	.LBI10:
 472              		.file 2 "Drivers/CMSIS/Include/cmsis_gcc.h"
   1:Drivers/CMSIS/Include/cmsis_gcc.h **** /**************************************************************************//**
   2:Drivers/CMSIS/Include/cmsis_gcc.h ****  * @file     cmsis_gcc.h
   3:Drivers/CMSIS/Include/cmsis_gcc.h ****  * @brief    CMSIS compiler GCC header file
   4:Drivers/CMSIS/Include/cmsis_gcc.h ****  * @version  V5.0.4
   5:Drivers/CMSIS/Include/cmsis_gcc.h ****  * @date     09. April 2018
   6:Drivers/CMSIS/Include/cmsis_gcc.h ****  ******************************************************************************/
   7:Drivers/CMSIS/Include/cmsis_gcc.h **** /*
   8:Drivers/CMSIS/Include/cmsis_gcc.h ****  * Copyright (c) 2009-2018 Arm Limited. All rights reserved.
   9:Drivers/CMSIS/Include/cmsis_gcc.h ****  *
  10:Drivers/CMSIS/Include/cmsis_gcc.h ****  * SPDX-License-Identifier: Apache-2.0
  11:Drivers/CMSIS/Include/cmsis_gcc.h ****  *
  12:Drivers/CMSIS/Include/cmsis_gcc.h ****  * Licensed under the Apache License, Version 2.0 (the License); you may
  13:Drivers/CMSIS/Include/cmsis_gcc.h ****  * not use this file except in compliance with the License.
  14:Drivers/CMSIS/Include/cmsis_gcc.h ****  * You may obtain a copy of the License at
  15:Drivers/CMSIS/Include/cmsis_gcc.h ****  *
  16:Drivers/CMSIS/Include/cmsis_gcc.h ****  * www.apache.org/licenses/LICENSE-2.0
  17:Drivers/CMSIS/Include/cmsis_gcc.h ****  *
  18:Drivers/CMSIS/Include/cmsis_gcc.h ****  * Unless required by applicable law or agreed to in writing, software
  19:Drivers/CMSIS/Include/cmsis_gcc.h ****  * distributed under the License is distributed on an AS IS BASIS, WITHOUT
  20:Drivers/CMSIS/Include/cmsis_gcc.h ****  * WARRANTIES OR CONDITIONS OF ANY KIND, either express or implied.
  21:Drivers/CMSIS/Include/cmsis_gcc.h ****  * See the License for the specific language governing permissions and
  22:Drivers/CMSIS/Include/cmsis_gcc.h ****  * limitations under the License.
  23:Drivers/CMSIS/Include/cmsis_gcc.h ****  */
  24:Drivers/CMSIS/Include/cmsis_gcc.h **** 
  25:Drivers/CMSIS/Include/cmsis_gcc.h **** #ifndef __CMSIS_GCC_H
  26:Drivers/CMSIS/Include/cmsis_gcc.h **** #define __CMSIS_GCC_H
  27:Drivers/CMSIS/Include/cmsis_gcc.h **** 
  28:Drivers/CMSIS/Include/cmsis_gcc.h **** /* ignore some GCC warnings */
  29:Drivers/CMSIS/Include/cmsis_gcc.h **** #pragma GCC diagnostic push
  30:Drivers/CMSIS/Include/cmsis_gcc.h **** #pragma GCC diagnostic ignored "-Wsign-conversion"
  31:Drivers/CMSIS/Include/cmsis_gcc.h **** #pragma GCC diagnostic ignored "-Wconversion"
  32:Drivers/CMSIS/Include/cmsis_gcc.h **** #pragma GCC diagnostic ignored "-Wunused-parameter"
  33:Drivers/CMSIS/Include/cmsis_gcc.h **** 
  34:Drivers/CMSIS/Include/cmsis_gcc.h **** /* Fallback for __has_builtin */
  35:Drivers/CMSIS/Include/cmsis_gcc.h **** #ifndef __has_builtin
  36:Drivers/CMSIS/Include/cmsis_gcc.h ****   #define __has_builtin(x) (0)
  37:Drivers/CMSIS/Include/cmsis_gcc.h **** #endif
  38:Drivers/CMSIS/Include/cmsis_gcc.h **** 
  39:Drivers/CMSIS/Include/cmsis_gcc.h **** /* CMSIS compiler specific defines */
  40:Drivers/CMSIS/Include/cmsis_gcc.h **** #ifndef   __ASM
  41:Drivers/CMSIS/Include/cmsis_gcc.h ****   #define __ASM                                  __asm
  42:Drivers/CMSIS/Include/cmsis_gcc.h **** #endif
  43:Drivers/CMSIS/Include/cmsis_gcc.h **** #ifndef   __INLINE
  44:Drivers/CMSIS/Include/cmsis_gcc.h ****   #define __INLINE                               inline
  45:Drivers/CMSIS/Include/cmsis_gcc.h **** #endif
  46:Drivers/CMSIS/Include/cmsis_gcc.h **** #ifndef   __STATIC_INLINE
  47:Drivers/CMSIS/Include/cmsis_gcc.h ****   #define __STATIC_INLINE                        static inline
ARM GAS  C:\Users\manthing\AppData\Local\Temp\cc77ahon.s 			page 16


  48:Drivers/CMSIS/Include/cmsis_gcc.h **** #endif
  49:Drivers/CMSIS/Include/cmsis_gcc.h **** #ifndef   __STATIC_FORCEINLINE                 
  50:Drivers/CMSIS/Include/cmsis_gcc.h ****   #define __STATIC_FORCEINLINE                   __attribute__((always_inline)) static inline
  51:Drivers/CMSIS/Include/cmsis_gcc.h **** #endif                                           
  52:Drivers/CMSIS/Include/cmsis_gcc.h **** #ifndef   __NO_RETURN
  53:Drivers/CMSIS/Include/cmsis_gcc.h ****   #define __NO_RETURN                            __attribute__((__noreturn__))
  54:Drivers/CMSIS/Include/cmsis_gcc.h **** #endif
  55:Drivers/CMSIS/Include/cmsis_gcc.h **** #ifndef   __USED
  56:Drivers/CMSIS/Include/cmsis_gcc.h ****   #define __USED                                 __attribute__((used))
  57:Drivers/CMSIS/Include/cmsis_gcc.h **** #endif
  58:Drivers/CMSIS/Include/cmsis_gcc.h **** #ifndef   __WEAK
  59:Drivers/CMSIS/Include/cmsis_gcc.h ****   #define __WEAK                                 __attribute__((weak))
  60:Drivers/CMSIS/Include/cmsis_gcc.h **** #endif
  61:Drivers/CMSIS/Include/cmsis_gcc.h **** #ifndef   __PACKED
  62:Drivers/CMSIS/Include/cmsis_gcc.h ****   #define __PACKED                               __attribute__((packed, aligned(1)))
  63:Drivers/CMSIS/Include/cmsis_gcc.h **** #endif
  64:Drivers/CMSIS/Include/cmsis_gcc.h **** #ifndef   __PACKED_STRUCT
  65:Drivers/CMSIS/Include/cmsis_gcc.h ****   #define __PACKED_STRUCT                        struct __attribute__((packed, aligned(1)))
  66:Drivers/CMSIS/Include/cmsis_gcc.h **** #endif
  67:Drivers/CMSIS/Include/cmsis_gcc.h **** #ifndef   __PACKED_UNION
  68:Drivers/CMSIS/Include/cmsis_gcc.h ****   #define __PACKED_UNION                         union __attribute__((packed, aligned(1)))
  69:Drivers/CMSIS/Include/cmsis_gcc.h **** #endif
  70:Drivers/CMSIS/Include/cmsis_gcc.h **** #ifndef   __UNALIGNED_UINT32        /* deprecated */
  71:Drivers/CMSIS/Include/cmsis_gcc.h ****   #pragma GCC diagnostic push
  72:Drivers/CMSIS/Include/cmsis_gcc.h ****   #pragma GCC diagnostic ignored "-Wpacked"
  73:Drivers/CMSIS/Include/cmsis_gcc.h ****   #pragma GCC diagnostic ignored "-Wattributes"
  74:Drivers/CMSIS/Include/cmsis_gcc.h ****   struct __attribute__((packed)) T_UINT32 { uint32_t v; };
  75:Drivers/CMSIS/Include/cmsis_gcc.h ****   #pragma GCC diagnostic pop
  76:Drivers/CMSIS/Include/cmsis_gcc.h ****   #define __UNALIGNED_UINT32(x)                  (((struct T_UINT32 *)(x))->v)
  77:Drivers/CMSIS/Include/cmsis_gcc.h **** #endif
  78:Drivers/CMSIS/Include/cmsis_gcc.h **** #ifndef   __UNALIGNED_UINT16_WRITE
  79:Drivers/CMSIS/Include/cmsis_gcc.h ****   #pragma GCC diagnostic push
  80:Drivers/CMSIS/Include/cmsis_gcc.h ****   #pragma GCC diagnostic ignored "-Wpacked"
  81:Drivers/CMSIS/Include/cmsis_gcc.h ****   #pragma GCC diagnostic ignored "-Wattributes"
  82:Drivers/CMSIS/Include/cmsis_gcc.h ****   __PACKED_STRUCT T_UINT16_WRITE { uint16_t v; };
  83:Drivers/CMSIS/Include/cmsis_gcc.h ****   #pragma GCC diagnostic pop
  84:Drivers/CMSIS/Include/cmsis_gcc.h ****   #define __UNALIGNED_UINT16_WRITE(addr, val)    (void)((((struct T_UINT16_WRITE *)(void *)(addr))-
  85:Drivers/CMSIS/Include/cmsis_gcc.h **** #endif
  86:Drivers/CMSIS/Include/cmsis_gcc.h **** #ifndef   __UNALIGNED_UINT16_READ
  87:Drivers/CMSIS/Include/cmsis_gcc.h ****   #pragma GCC diagnostic push
  88:Drivers/CMSIS/Include/cmsis_gcc.h ****   #pragma GCC diagnostic ignored "-Wpacked"
  89:Drivers/CMSIS/Include/cmsis_gcc.h ****   #pragma GCC diagnostic ignored "-Wattributes"
  90:Drivers/CMSIS/Include/cmsis_gcc.h ****   __PACKED_STRUCT T_UINT16_READ { uint16_t v; };
  91:Drivers/CMSIS/Include/cmsis_gcc.h ****   #pragma GCC diagnostic pop
  92:Drivers/CMSIS/Include/cmsis_gcc.h ****   #define __UNALIGNED_UINT16_READ(addr)          (((const struct T_UINT16_READ *)(const void *)(add
  93:Drivers/CMSIS/Include/cmsis_gcc.h **** #endif
  94:Drivers/CMSIS/Include/cmsis_gcc.h **** #ifndef   __UNALIGNED_UINT32_WRITE
  95:Drivers/CMSIS/Include/cmsis_gcc.h ****   #pragma GCC diagnostic push
  96:Drivers/CMSIS/Include/cmsis_gcc.h ****   #pragma GCC diagnostic ignored "-Wpacked"
  97:Drivers/CMSIS/Include/cmsis_gcc.h ****   #pragma GCC diagnostic ignored "-Wattributes"
  98:Drivers/CMSIS/Include/cmsis_gcc.h ****   __PACKED_STRUCT T_UINT32_WRITE { uint32_t v; };
  99:Drivers/CMSIS/Include/cmsis_gcc.h ****   #pragma GCC diagnostic pop
 100:Drivers/CMSIS/Include/cmsis_gcc.h ****   #define __UNALIGNED_UINT32_WRITE(addr, val)    (void)((((struct T_UINT32_WRITE *)(void *)(addr))-
 101:Drivers/CMSIS/Include/cmsis_gcc.h **** #endif
 102:Drivers/CMSIS/Include/cmsis_gcc.h **** #ifndef   __UNALIGNED_UINT32_READ
 103:Drivers/CMSIS/Include/cmsis_gcc.h ****   #pragma GCC diagnostic push
 104:Drivers/CMSIS/Include/cmsis_gcc.h ****   #pragma GCC diagnostic ignored "-Wpacked"
ARM GAS  C:\Users\manthing\AppData\Local\Temp\cc77ahon.s 			page 17


 105:Drivers/CMSIS/Include/cmsis_gcc.h ****   #pragma GCC diagnostic ignored "-Wattributes"
 106:Drivers/CMSIS/Include/cmsis_gcc.h ****   __PACKED_STRUCT T_UINT32_READ { uint32_t v; };
 107:Drivers/CMSIS/Include/cmsis_gcc.h ****   #pragma GCC diagnostic pop
 108:Drivers/CMSIS/Include/cmsis_gcc.h ****   #define __UNALIGNED_UINT32_READ(addr)          (((const struct T_UINT32_READ *)(const void *)(add
 109:Drivers/CMSIS/Include/cmsis_gcc.h **** #endif
 110:Drivers/CMSIS/Include/cmsis_gcc.h **** #ifndef   __ALIGNED
 111:Drivers/CMSIS/Include/cmsis_gcc.h ****   #define __ALIGNED(x)                           __attribute__((aligned(x)))
 112:Drivers/CMSIS/Include/cmsis_gcc.h **** #endif
 113:Drivers/CMSIS/Include/cmsis_gcc.h **** #ifndef   __RESTRICT
 114:Drivers/CMSIS/Include/cmsis_gcc.h ****   #define __RESTRICT                             __restrict
 115:Drivers/CMSIS/Include/cmsis_gcc.h **** #endif
 116:Drivers/CMSIS/Include/cmsis_gcc.h **** 
 117:Drivers/CMSIS/Include/cmsis_gcc.h **** 
 118:Drivers/CMSIS/Include/cmsis_gcc.h **** /* ###########################  Core Function Access  ########################### */
 119:Drivers/CMSIS/Include/cmsis_gcc.h **** /** \ingroup  CMSIS_Core_FunctionInterface
 120:Drivers/CMSIS/Include/cmsis_gcc.h ****     \defgroup CMSIS_Core_RegAccFunctions CMSIS Core Register Access Functions
 121:Drivers/CMSIS/Include/cmsis_gcc.h ****   @{
 122:Drivers/CMSIS/Include/cmsis_gcc.h ****  */
 123:Drivers/CMSIS/Include/cmsis_gcc.h **** 
 124:Drivers/CMSIS/Include/cmsis_gcc.h **** /**
 125:Drivers/CMSIS/Include/cmsis_gcc.h ****   \brief   Enable IRQ Interrupts
 126:Drivers/CMSIS/Include/cmsis_gcc.h ****   \details Enables IRQ interrupts by clearing the I-bit in the CPSR.
 127:Drivers/CMSIS/Include/cmsis_gcc.h ****            Can only be executed in Privileged modes.
 128:Drivers/CMSIS/Include/cmsis_gcc.h ****  */
 129:Drivers/CMSIS/Include/cmsis_gcc.h **** __STATIC_FORCEINLINE void __enable_irq(void)
 130:Drivers/CMSIS/Include/cmsis_gcc.h **** {
 131:Drivers/CMSIS/Include/cmsis_gcc.h ****   __ASM volatile ("cpsie i" : : : "memory");
 132:Drivers/CMSIS/Include/cmsis_gcc.h **** }
 133:Drivers/CMSIS/Include/cmsis_gcc.h **** 
 134:Drivers/CMSIS/Include/cmsis_gcc.h **** 
 135:Drivers/CMSIS/Include/cmsis_gcc.h **** /**
 136:Drivers/CMSIS/Include/cmsis_gcc.h ****   \brief   Disable IRQ Interrupts
 137:Drivers/CMSIS/Include/cmsis_gcc.h ****   \details Disables IRQ interrupts by setting the I-bit in the CPSR.
 138:Drivers/CMSIS/Include/cmsis_gcc.h ****            Can only be executed in Privileged modes.
 139:Drivers/CMSIS/Include/cmsis_gcc.h ****  */
 140:Drivers/CMSIS/Include/cmsis_gcc.h **** __STATIC_FORCEINLINE void __disable_irq(void)
 473              		.loc 2 140 27 view .LVU173
 474              	.LBB11:
 141:Drivers/CMSIS/Include/cmsis_gcc.h **** {
 142:Drivers/CMSIS/Include/cmsis_gcc.h ****   __ASM volatile ("cpsid i" : : : "memory");
 475              		.loc 2 142 3 view .LVU174
 476              		.syntax unified
 477              	@ 142 "Drivers/CMSIS/Include/cmsis_gcc.h" 1
 478 0000 72B6     		cpsid i
 479              	@ 0 "" 2
 480              		.thumb
 481              		.syntax unified
 482              	.L6:
 483              	.LBE11:
 484              	.LBE10:
 340:Src/main.c    ****   while (1)
 485              		.loc 1 340 3 discriminator 1 view .LVU175
 341:Src/main.c    ****   {
 342:Src/main.c    ****   }
 486              		.loc 1 342 3 discriminator 1 view .LVU176
 340:Src/main.c    ****   while (1)
 487              		.loc 1 340 9 discriminator 1 view .LVU177
ARM GAS  C:\Users\manthing\AppData\Local\Temp\cc77ahon.s 			page 18


 488 0002 FEE7     		b	.L6
 489              		.cfi_endproc
 490              	.LFE134:
 492              		.section	.text.MX_SPI1_Init,"ax",%progbits
 493              		.align	1
 494              		.syntax unified
 495              		.thumb
 496              		.thumb_func
 498              	MX_SPI1_Init:
 499              	.LFB132:
 161:Src/main.c    **** 
 500              		.loc 1 161 1 view -0
 501              		.cfi_startproc
 502              		@ args = 0, pretend = 0, frame = 0
 503              		@ frame_needed = 0, uses_anonymous_args = 0
 504 0000 08B5     		push	{r3, lr}
 505              	.LCFI3:
 506              		.cfi_def_cfa_offset 8
 507              		.cfi_offset 3, -8
 508              		.cfi_offset 14, -4
 171:Src/main.c    ****   hspi1.Init.Mode = SPI_MODE_MASTER;
 509              		.loc 1 171 3 view .LVU179
 171:Src/main.c    ****   hspi1.Init.Mode = SPI_MODE_MASTER;
 510              		.loc 1 171 18 is_stmt 0 view .LVU180
 511 0002 0D48     		ldr	r0, .L11
 512 0004 0D4B     		ldr	r3, .L11+4
 513 0006 0360     		str	r3, [r0]
 172:Src/main.c    ****   hspi1.Init.Direction = SPI_DIRECTION_2LINES;
 514              		.loc 1 172 3 is_stmt 1 view .LVU181
 172:Src/main.c    ****   hspi1.Init.Direction = SPI_DIRECTION_2LINES;
 515              		.loc 1 172 19 is_stmt 0 view .LVU182
 516 0008 4FF48273 		mov	r3, #260
 517 000c 4360     		str	r3, [r0, #4]
 173:Src/main.c    ****   hspi1.Init.DataSize = SPI_DATASIZE_8BIT;
 518              		.loc 1 173 3 is_stmt 1 view .LVU183
 173:Src/main.c    ****   hspi1.Init.DataSize = SPI_DATASIZE_8BIT;
 519              		.loc 1 173 24 is_stmt 0 view .LVU184
 520 000e 0023     		movs	r3, #0
 521 0010 8360     		str	r3, [r0, #8]
 174:Src/main.c    ****   hspi1.Init.CLKPolarity = SPI_POLARITY_LOW;
 522              		.loc 1 174 3 is_stmt 1 view .LVU185
 174:Src/main.c    ****   hspi1.Init.CLKPolarity = SPI_POLARITY_LOW;
 523              		.loc 1 174 23 is_stmt 0 view .LVU186
 524 0012 C360     		str	r3, [r0, #12]
 175:Src/main.c    ****   hspi1.Init.CLKPhase = SPI_PHASE_1EDGE;
 525              		.loc 1 175 3 is_stmt 1 view .LVU187
 175:Src/main.c    ****   hspi1.Init.CLKPhase = SPI_PHASE_1EDGE;
 526              		.loc 1 175 26 is_stmt 0 view .LVU188
 527 0014 0361     		str	r3, [r0, #16]
 176:Src/main.c    ****   hspi1.Init.NSS = SPI_NSS_SOFT;
 528              		.loc 1 176 3 is_stmt 1 view .LVU189
 176:Src/main.c    ****   hspi1.Init.NSS = SPI_NSS_SOFT;
 529              		.loc 1 176 23 is_stmt 0 view .LVU190
 530 0016 4361     		str	r3, [r0, #20]
 177:Src/main.c    ****   hspi1.Init.BaudRatePrescaler = SPI_BAUDRATEPRESCALER_2;
 531              		.loc 1 177 3 is_stmt 1 view .LVU191
 177:Src/main.c    ****   hspi1.Init.BaudRatePrescaler = SPI_BAUDRATEPRESCALER_2;
ARM GAS  C:\Users\manthing\AppData\Local\Temp\cc77ahon.s 			page 19


 532              		.loc 1 177 18 is_stmt 0 view .LVU192
 533 0018 4FF40072 		mov	r2, #512
 534 001c 8261     		str	r2, [r0, #24]
 178:Src/main.c    ****   hspi1.Init.FirstBit = SPI_FIRSTBIT_MSB;
 535              		.loc 1 178 3 is_stmt 1 view .LVU193
 178:Src/main.c    ****   hspi1.Init.FirstBit = SPI_FIRSTBIT_MSB;
 536              		.loc 1 178 32 is_stmt 0 view .LVU194
 537 001e C361     		str	r3, [r0, #28]
 179:Src/main.c    ****   hspi1.Init.TIMode = SPI_TIMODE_DISABLE;
 538              		.loc 1 179 3 is_stmt 1 view .LVU195
 179:Src/main.c    ****   hspi1.Init.TIMode = SPI_TIMODE_DISABLE;
 539              		.loc 1 179 23 is_stmt 0 view .LVU196
 540 0020 0362     		str	r3, [r0, #32]
 180:Src/main.c    ****   hspi1.Init.CRCCalculation = SPI_CRCCALCULATION_DISABLE;
 541              		.loc 1 180 3 is_stmt 1 view .LVU197
 180:Src/main.c    ****   hspi1.Init.CRCCalculation = SPI_CRCCALCULATION_DISABLE;
 542              		.loc 1 180 21 is_stmt 0 view .LVU198
 543 0022 4362     		str	r3, [r0, #36]
 181:Src/main.c    ****   hspi1.Init.CRCPolynomial = 10;
 544              		.loc 1 181 3 is_stmt 1 view .LVU199
 181:Src/main.c    ****   hspi1.Init.CRCPolynomial = 10;
 545              		.loc 1 181 29 is_stmt 0 view .LVU200
 546 0024 8362     		str	r3, [r0, #40]
 182:Src/main.c    ****   if (HAL_SPI_Init(&hspi1) != HAL_OK)
 547              		.loc 1 182 3 is_stmt 1 view .LVU201
 182:Src/main.c    ****   if (HAL_SPI_Init(&hspi1) != HAL_OK)
 548              		.loc 1 182 28 is_stmt 0 view .LVU202
 549 0026 0A23     		movs	r3, #10
 550 0028 C362     		str	r3, [r0, #44]
 183:Src/main.c    ****   {
 551              		.loc 1 183 3 is_stmt 1 view .LVU203
 183:Src/main.c    ****   {
 552              		.loc 1 183 7 is_stmt 0 view .LVU204
 553 002a FFF7FEFF 		bl	HAL_SPI_Init
 554              	.LVL17:
 183:Src/main.c    ****   {
 555              		.loc 1 183 6 view .LVU205
 556 002e 00B9     		cbnz	r0, .L10
 191:Src/main.c    **** 
 557              		.loc 1 191 1 view .LVU206
 558 0030 08BD     		pop	{r3, pc}
 559              	.L10:
 185:Src/main.c    ****   }
 560              		.loc 1 185 5 is_stmt 1 view .LVU207
 561 0032 FFF7FEFF 		bl	Error_Handler
 562              	.LVL18:
 563              	.L12:
 564 0036 00BF     		.align	2
 565              	.L11:
 566 0038 00000000 		.word	.LANCHOR0
 567 003c 00300140 		.word	1073819648
 568              		.cfi_endproc
 569              	.LFE132:
 571              		.section	.text.SystemClock_Config,"ax",%progbits
 572              		.align	1
 573              		.global	SystemClock_Config
 574              		.syntax unified
ARM GAS  C:\Users\manthing\AppData\Local\Temp\cc77ahon.s 			page 20


 575              		.thumb
 576              		.thumb_func
 578              	SystemClock_Config:
 579              	.LFB131:
 114:Src/main.c    ****   RCC_OscInitTypeDef RCC_OscInitStruct = {0};
 580              		.loc 1 114 1 view -0
 581              		.cfi_startproc
 582              		@ args = 0, pretend = 0, frame = 80
 583              		@ frame_needed = 0, uses_anonymous_args = 0
 584 0000 00B5     		push	{lr}
 585              	.LCFI4:
 586              		.cfi_def_cfa_offset 4
 587              		.cfi_offset 14, -4
 588 0002 95B0     		sub	sp, sp, #84
 589              	.LCFI5:
 590              		.cfi_def_cfa_offset 88
 115:Src/main.c    ****   RCC_ClkInitTypeDef RCC_ClkInitStruct = {0};
 591              		.loc 1 115 3 view .LVU209
 115:Src/main.c    ****   RCC_ClkInitTypeDef RCC_ClkInitStruct = {0};
 592              		.loc 1 115 22 is_stmt 0 view .LVU210
 593 0004 3022     		movs	r2, #48
 594 0006 0021     		movs	r1, #0
 595 0008 08A8     		add	r0, sp, #32
 596 000a FFF7FEFF 		bl	memset
 597              	.LVL19:
 116:Src/main.c    **** 
 598              		.loc 1 116 3 is_stmt 1 view .LVU211
 116:Src/main.c    **** 
 599              		.loc 1 116 22 is_stmt 0 view .LVU212
 600 000e 0023     		movs	r3, #0
 601 0010 0393     		str	r3, [sp, #12]
 602 0012 0493     		str	r3, [sp, #16]
 603 0014 0593     		str	r3, [sp, #20]
 604 0016 0693     		str	r3, [sp, #24]
 605 0018 0793     		str	r3, [sp, #28]
 120:Src/main.c    ****   __HAL_PWR_VOLTAGESCALING_CONFIG(PWR_REGULATOR_VOLTAGE_SCALE1);
 606              		.loc 1 120 3 is_stmt 1 view .LVU213
 607              	.LBB12:
 120:Src/main.c    ****   __HAL_PWR_VOLTAGESCALING_CONFIG(PWR_REGULATOR_VOLTAGE_SCALE1);
 608              		.loc 1 120 3 view .LVU214
 609 001a 0193     		str	r3, [sp, #4]
 120:Src/main.c    ****   __HAL_PWR_VOLTAGESCALING_CONFIG(PWR_REGULATOR_VOLTAGE_SCALE1);
 610              		.loc 1 120 3 view .LVU215
 611 001c 1E4A     		ldr	r2, .L19
 612 001e 116C     		ldr	r1, [r2, #64]
 613 0020 41F08051 		orr	r1, r1, #268435456
 614 0024 1164     		str	r1, [r2, #64]
 120:Src/main.c    ****   __HAL_PWR_VOLTAGESCALING_CONFIG(PWR_REGULATOR_VOLTAGE_SCALE1);
 615              		.loc 1 120 3 view .LVU216
 616 0026 126C     		ldr	r2, [r2, #64]
 617 0028 02F08052 		and	r2, r2, #268435456
 618 002c 0192     		str	r2, [sp, #4]
 120:Src/main.c    ****   __HAL_PWR_VOLTAGESCALING_CONFIG(PWR_REGULATOR_VOLTAGE_SCALE1);
 619              		.loc 1 120 3 view .LVU217
 620 002e 019A     		ldr	r2, [sp, #4]
 621              	.LBE12:
 120:Src/main.c    ****   __HAL_PWR_VOLTAGESCALING_CONFIG(PWR_REGULATOR_VOLTAGE_SCALE1);
ARM GAS  C:\Users\manthing\AppData\Local\Temp\cc77ahon.s 			page 21


 622              		.loc 1 120 3 view .LVU218
 121:Src/main.c    **** 
 623              		.loc 1 121 3 view .LVU219
 624              	.LBB13:
 121:Src/main.c    **** 
 625              		.loc 1 121 3 view .LVU220
 626 0030 0293     		str	r3, [sp, #8]
 121:Src/main.c    **** 
 627              		.loc 1 121 3 view .LVU221
 628 0032 1A4A     		ldr	r2, .L19+4
 629 0034 1168     		ldr	r1, [r2]
 630 0036 41F44041 		orr	r1, r1, #49152
 631 003a 1160     		str	r1, [r2]
 121:Src/main.c    **** 
 632              		.loc 1 121 3 view .LVU222
 633 003c 1268     		ldr	r2, [r2]
 634 003e 02F44042 		and	r2, r2, #49152
 635 0042 0292     		str	r2, [sp, #8]
 121:Src/main.c    **** 
 636              		.loc 1 121 3 view .LVU223
 637 0044 029A     		ldr	r2, [sp, #8]
 638              	.LBE13:
 121:Src/main.c    **** 
 639              		.loc 1 121 3 view .LVU224
 126:Src/main.c    ****   RCC_OscInitStruct.HSIState = RCC_HSI_ON;
 640              		.loc 1 126 3 view .LVU225
 126:Src/main.c    ****   RCC_OscInitStruct.HSIState = RCC_HSI_ON;
 641              		.loc 1 126 36 is_stmt 0 view .LVU226
 642 0046 0222     		movs	r2, #2
 643 0048 0892     		str	r2, [sp, #32]
 127:Src/main.c    ****   RCC_OscInitStruct.HSICalibrationValue = RCC_HSICALIBRATION_DEFAULT;
 644              		.loc 1 127 3 is_stmt 1 view .LVU227
 127:Src/main.c    ****   RCC_OscInitStruct.HSICalibrationValue = RCC_HSICALIBRATION_DEFAULT;
 645              		.loc 1 127 30 is_stmt 0 view .LVU228
 646 004a 0121     		movs	r1, #1
 647 004c 0B91     		str	r1, [sp, #44]
 128:Src/main.c    ****   RCC_OscInitStruct.PLL.PLLState = RCC_PLL_ON;
 648              		.loc 1 128 3 is_stmt 1 view .LVU229
 128:Src/main.c    ****   RCC_OscInitStruct.PLL.PLLState = RCC_PLL_ON;
 649              		.loc 1 128 41 is_stmt 0 view .LVU230
 650 004e 1021     		movs	r1, #16
 651 0050 0C91     		str	r1, [sp, #48]
 129:Src/main.c    ****   RCC_OscInitStruct.PLL.PLLSource = RCC_PLLSOURCE_HSI;
 652              		.loc 1 129 3 is_stmt 1 view .LVU231
 129:Src/main.c    ****   RCC_OscInitStruct.PLL.PLLSource = RCC_PLLSOURCE_HSI;
 653              		.loc 1 129 34 is_stmt 0 view .LVU232
 654 0052 0E92     		str	r2, [sp, #56]
 130:Src/main.c    ****   RCC_OscInitStruct.PLL.PLLM = 8;
 655              		.loc 1 130 3 is_stmt 1 view .LVU233
 130:Src/main.c    ****   RCC_OscInitStruct.PLL.PLLM = 8;
 656              		.loc 1 130 35 is_stmt 0 view .LVU234
 657 0054 0F93     		str	r3, [sp, #60]
 131:Src/main.c    ****   RCC_OscInitStruct.PLL.PLLN = 64;
 658              		.loc 1 131 3 is_stmt 1 view .LVU235
 131:Src/main.c    ****   RCC_OscInitStruct.PLL.PLLN = 64;
 659              		.loc 1 131 30 is_stmt 0 view .LVU236
 660 0056 0823     		movs	r3, #8
ARM GAS  C:\Users\manthing\AppData\Local\Temp\cc77ahon.s 			page 22


 661 0058 1093     		str	r3, [sp, #64]
 132:Src/main.c    ****   RCC_OscInitStruct.PLL.PLLP = RCC_PLLP_DIV2;
 662              		.loc 1 132 3 is_stmt 1 view .LVU237
 132:Src/main.c    ****   RCC_OscInitStruct.PLL.PLLP = RCC_PLLP_DIV2;
 663              		.loc 1 132 30 is_stmt 0 view .LVU238
 664 005a 4023     		movs	r3, #64
 665 005c 1193     		str	r3, [sp, #68]
 133:Src/main.c    ****   RCC_OscInitStruct.PLL.PLLQ = 4;
 666              		.loc 1 133 3 is_stmt 1 view .LVU239
 133:Src/main.c    ****   RCC_OscInitStruct.PLL.PLLQ = 4;
 667              		.loc 1 133 30 is_stmt 0 view .LVU240
 668 005e 1292     		str	r2, [sp, #72]
 134:Src/main.c    ****   if (HAL_RCC_OscConfig(&RCC_OscInitStruct) != HAL_OK)
 669              		.loc 1 134 3 is_stmt 1 view .LVU241
 134:Src/main.c    ****   if (HAL_RCC_OscConfig(&RCC_OscInitStruct) != HAL_OK)
 670              		.loc 1 134 30 is_stmt 0 view .LVU242
 671 0060 0423     		movs	r3, #4
 672 0062 1393     		str	r3, [sp, #76]
 135:Src/main.c    ****   {
 673              		.loc 1 135 3 is_stmt 1 view .LVU243
 135:Src/main.c    ****   {
 674              		.loc 1 135 7 is_stmt 0 view .LVU244
 675 0064 08A8     		add	r0, sp, #32
 676 0066 FFF7FEFF 		bl	HAL_RCC_OscConfig
 677              	.LVL20:
 135:Src/main.c    ****   {
 678              		.loc 1 135 6 view .LVU245
 679 006a 88B9     		cbnz	r0, .L17
 142:Src/main.c    ****                               |RCC_CLOCKTYPE_PCLK1|RCC_CLOCKTYPE_PCLK2;
 680              		.loc 1 142 3 is_stmt 1 view .LVU246
 142:Src/main.c    ****                               |RCC_CLOCKTYPE_PCLK1|RCC_CLOCKTYPE_PCLK2;
 681              		.loc 1 142 31 is_stmt 0 view .LVU247
 682 006c 0F23     		movs	r3, #15
 683 006e 0393     		str	r3, [sp, #12]
 144:Src/main.c    ****   RCC_ClkInitStruct.AHBCLKDivider = RCC_SYSCLK_DIV8;
 684              		.loc 1 144 3 is_stmt 1 view .LVU248
 144:Src/main.c    ****   RCC_ClkInitStruct.AHBCLKDivider = RCC_SYSCLK_DIV8;
 685              		.loc 1 144 34 is_stmt 0 view .LVU249
 686 0070 0223     		movs	r3, #2
 687 0072 0493     		str	r3, [sp, #16]
 145:Src/main.c    ****   RCC_ClkInitStruct.APB1CLKDivider = RCC_HCLK_DIV4;
 688              		.loc 1 145 3 is_stmt 1 view .LVU250
 145:Src/main.c    ****   RCC_ClkInitStruct.APB1CLKDivider = RCC_HCLK_DIV4;
 689              		.loc 1 145 35 is_stmt 0 view .LVU251
 690 0074 A023     		movs	r3, #160
 691 0076 0593     		str	r3, [sp, #20]
 146:Src/main.c    ****   RCC_ClkInitStruct.APB2CLKDivider = RCC_HCLK_DIV1;
 692              		.loc 1 146 3 is_stmt 1 view .LVU252
 146:Src/main.c    ****   RCC_ClkInitStruct.APB2CLKDivider = RCC_HCLK_DIV1;
 693              		.loc 1 146 36 is_stmt 0 view .LVU253
 694 0078 4FF4A053 		mov	r3, #5120
 695 007c 0693     		str	r3, [sp, #24]
 147:Src/main.c    **** 
 696              		.loc 1 147 3 is_stmt 1 view .LVU254
 147:Src/main.c    **** 
 697              		.loc 1 147 36 is_stmt 0 view .LVU255
 698 007e 0021     		movs	r1, #0
ARM GAS  C:\Users\manthing\AppData\Local\Temp\cc77ahon.s 			page 23


 699 0080 0791     		str	r1, [sp, #28]
 149:Src/main.c    ****   {
 700              		.loc 1 149 3 is_stmt 1 view .LVU256
 149:Src/main.c    ****   {
 701              		.loc 1 149 7 is_stmt 0 view .LVU257
 702 0082 03A8     		add	r0, sp, #12
 703 0084 FFF7FEFF 		bl	HAL_RCC_ClockConfig
 704              	.LVL21:
 149:Src/main.c    ****   {
 705              		.loc 1 149 6 view .LVU258
 706 0088 20B9     		cbnz	r0, .L18
 153:Src/main.c    **** 
 707              		.loc 1 153 1 view .LVU259
 708 008a 15B0     		add	sp, sp, #84
 709              	.LCFI6:
 710              		.cfi_remember_state
 711              		.cfi_def_cfa_offset 4
 712              		@ sp needed
 713 008c 5DF804FB 		ldr	pc, [sp], #4
 714              	.L17:
 715              	.LCFI7:
 716              		.cfi_restore_state
 137:Src/main.c    ****   }
 717              		.loc 1 137 5 is_stmt 1 view .LVU260
 718 0090 FFF7FEFF 		bl	Error_Handler
 719              	.LVL22:
 720              	.L18:
 151:Src/main.c    ****   }
 721              		.loc 1 151 5 view .LVU261
 722 0094 FFF7FEFF 		bl	Error_Handler
 723              	.LVL23:
 724              	.L20:
 725              		.align	2
 726              	.L19:
 727 0098 00380240 		.word	1073887232
 728 009c 00700040 		.word	1073770496
 729              		.cfi_endproc
 730              	.LFE131:
 732              		.section	.text.main,"ax",%progbits
 733              		.align	1
 734              		.global	main
 735              		.syntax unified
 736              		.thumb
 737              		.thumb_func
 739              	main:
 740              	.LFB130:
  67:Src/main.c    ****   /* USER CODE BEGIN 1 */
 741              		.loc 1 67 1 view -0
 742              		.cfi_startproc
 743              		@ Volatile: function does not return.
 744              		@ args = 0, pretend = 0, frame = 0
 745              		@ frame_needed = 0, uses_anonymous_args = 0
 746 0000 08B5     		push	{r3, lr}
 747              	.LCFI8:
 748              		.cfi_def_cfa_offset 8
 749              		.cfi_offset 3, -8
 750              		.cfi_offset 14, -4
ARM GAS  C:\Users\manthing\AppData\Local\Temp\cc77ahon.s 			page 24


  75:Src/main.c    **** 
 751              		.loc 1 75 3 view .LVU263
 752 0002 FFF7FEFF 		bl	HAL_Init
 753              	.LVL24:
  82:Src/main.c    **** 
 754              		.loc 1 82 3 view .LVU264
 755 0006 FFF7FEFF 		bl	SystemClock_Config
 756              	.LVL25:
  89:Src/main.c    ****   MX_SPI1_Init();
 757              		.loc 1 89 3 view .LVU265
 758 000a FFF7FEFF 		bl	MX_GPIO_Init
 759              	.LVL26:
  90:Src/main.c    ****   /* USER CODE BEGIN 2 */
 760              		.loc 1 90 3 view .LVU266
 761 000e FFF7FEFF 		bl	MX_SPI1_Init
 762              	.LVL27:
 763              	.L22:
  97:Src/main.c    ****   {
 764              		.loc 1 97 3 discriminator 1 view .LVU267
  99:Src/main.c    ****     HAL_Delay(200);
 765              		.loc 1 99 5 discriminator 1 view .LVU268
 766 0012 4FF48051 		mov	r1, #4096
 767 0016 0348     		ldr	r0, .L24
 768 0018 FFF7FEFF 		bl	HAL_GPIO_TogglePin
 769              	.LVL28:
 100:Src/main.c    **** 
 770              		.loc 1 100 5 discriminator 1 view .LVU269
 771 001c C820     		movs	r0, #200
 772 001e FFF7FEFF 		bl	HAL_Delay
 773              	.LVL29:
  97:Src/main.c    ****   {
 774              		.loc 1 97 9 discriminator 1 view .LVU270
 775 0022 F6E7     		b	.L22
 776              	.L25:
 777              		.align	2
 778              	.L24:
 779 0024 000C0240 		.word	1073875968
 780              		.cfi_endproc
 781              	.LFE130:
 783              		.global	hspi1
 784              		.section	.bss.hspi1,"aw",%nobits
 785              		.align	2
 786              		.set	.LANCHOR0,. + 0
 789              	hspi1:
 790 0000 00000000 		.space	88
 790      00000000 
 790      00000000 
 790      00000000 
 790      00000000 
 791              		.text
 792              	.Letext0:
 793              		.file 3 "C:\\ST\\STM32CubeCLT\\GNU-tools-for-STM32\\bin/../lib/gcc/arm-none-eabi/11.3.1/../../../.
 794              		.file 4 "C:\\ST\\STM32CubeCLT\\GNU-tools-for-STM32\\bin/../lib/gcc/arm-none-eabi/11.3.1/../../../.
 795              		.file 5 "Drivers/CMSIS/Device/ST/STM32F4xx/Include/stm32f411xe.h"
 796              		.file 6 "Drivers/STM32F4xx_HAL_Driver/Inc/stm32f4xx_hal_def.h"
 797              		.file 7 "Drivers/STM32F4xx_HAL_Driver/Inc/stm32f4xx_hal_rcc_ex.h"
 798              		.file 8 "Drivers/STM32F4xx_HAL_Driver/Inc/stm32f4xx_hal_rcc.h"
ARM GAS  C:\Users\manthing\AppData\Local\Temp\cc77ahon.s 			page 25


 799              		.file 9 "Drivers/STM32F4xx_HAL_Driver/Inc/stm32f4xx_hal_gpio.h"
 800              		.file 10 "Drivers/STM32F4xx_HAL_Driver/Inc/stm32f4xx_hal_dma.h"
 801              		.file 11 "Drivers/STM32F4xx_HAL_Driver/Inc/stm32f4xx_hal_spi.h"
 802              		.file 12 "Drivers/STM32F4xx_HAL_Driver/Inc/stm32f4xx_hal.h"
 803              		.file 13 "<built-in>"
ARM GAS  C:\Users\manthing\AppData\Local\Temp\cc77ahon.s 			page 26


DEFINED SYMBOLS
                            *ABS*:0000000000000000 main.c
C:\Users\manthing\AppData\Local\Temp\cc77ahon.s:20     .text.MX_GPIO_Init:0000000000000000 $t
C:\Users\manthing\AppData\Local\Temp\cc77ahon.s:25     .text.MX_GPIO_Init:0000000000000000 MX_GPIO_Init
C:\Users\manthing\AppData\Local\Temp\cc77ahon.s:445    .text.MX_GPIO_Init:00000000000001ec $d
C:\Users\manthing\AppData\Local\Temp\cc77ahon.s:455    .text.Error_Handler:0000000000000000 $t
C:\Users\manthing\AppData\Local\Temp\cc77ahon.s:461    .text.Error_Handler:0000000000000000 Error_Handler
C:\Users\manthing\AppData\Local\Temp\cc77ahon.s:493    .text.MX_SPI1_Init:0000000000000000 $t
C:\Users\manthing\AppData\Local\Temp\cc77ahon.s:498    .text.MX_SPI1_Init:0000000000000000 MX_SPI1_Init
C:\Users\manthing\AppData\Local\Temp\cc77ahon.s:566    .text.MX_SPI1_Init:0000000000000038 $d
C:\Users\manthing\AppData\Local\Temp\cc77ahon.s:572    .text.SystemClock_Config:0000000000000000 $t
C:\Users\manthing\AppData\Local\Temp\cc77ahon.s:578    .text.SystemClock_Config:0000000000000000 SystemClock_Config
C:\Users\manthing\AppData\Local\Temp\cc77ahon.s:727    .text.SystemClock_Config:0000000000000098 $d
C:\Users\manthing\AppData\Local\Temp\cc77ahon.s:733    .text.main:0000000000000000 $t
C:\Users\manthing\AppData\Local\Temp\cc77ahon.s:739    .text.main:0000000000000000 main
C:\Users\manthing\AppData\Local\Temp\cc77ahon.s:779    .text.main:0000000000000024 $d
C:\Users\manthing\AppData\Local\Temp\cc77ahon.s:789    .bss.hspi1:0000000000000000 hspi1
C:\Users\manthing\AppData\Local\Temp\cc77ahon.s:785    .bss.hspi1:0000000000000000 $d

UNDEFINED SYMBOLS
HAL_GPIO_WritePin
HAL_GPIO_Init
HAL_SPI_Init
memset
HAL_RCC_OscConfig
HAL_RCC_ClockConfig
HAL_Init
HAL_GPIO_TogglePin
HAL_Delay
