ARM GAS  C:\Users\manthing\AppData\Local\Temp\ccQjlC87.s 			page 1


   1              		.cpu cortex-m4
   2              		.arch armv7e-m
   3              		.fpu fpv4-sp-d16
   4              		.eabi_attribute 27, 1
   5              		.eabi_attribute 28, 1
   6              		.eabi_attribute 20, 1
   7              		.eabi_attribute 21, 1
   8              		.eabi_attribute 23, 3
   9              		.eabi_attribute 24, 1
  10              		.eabi_attribute 25, 1
  11              		.eabi_attribute 26, 1
  12              		.eabi_attribute 30, 1
  13              		.eabi_attribute 34, 1
  14              		.eabi_attribute 18, 4
  15              		.file	"stm32f4xx_hal_msp.c"
  16              		.text
  17              	.Ltext0:
  18              		.cfi_sections	.debug_frame
  19              		.section	.text.HAL_MspInit,"ax",%progbits
  20              		.align	1
  21              		.global	HAL_MspInit
  22              		.syntax unified
  23              		.thumb
  24              		.thumb_func
  26              	HAL_MspInit:
  27              	.LFB130:
  28              		.file 1 "Src/stm32f4xx_hal_msp.c"
   1:Src/stm32f4xx_hal_msp.c **** /* USER CODE BEGIN Header */
   2:Src/stm32f4xx_hal_msp.c **** /**
   3:Src/stm32f4xx_hal_msp.c ****   ******************************************************************************
   4:Src/stm32f4xx_hal_msp.c ****   * @file         stm32f4xx_hal_msp.c
   5:Src/stm32f4xx_hal_msp.c ****   * @brief        This file provides code for the MSP Initialization
   6:Src/stm32f4xx_hal_msp.c ****   *               and de-Initialization codes.
   7:Src/stm32f4xx_hal_msp.c ****   ******************************************************************************
   8:Src/stm32f4xx_hal_msp.c ****   * @attention
   9:Src/stm32f4xx_hal_msp.c ****   *
  10:Src/stm32f4xx_hal_msp.c ****   * Copyright (c) 2023 STMicroelectronics.
  11:Src/stm32f4xx_hal_msp.c ****   * All rights reserved.
  12:Src/stm32f4xx_hal_msp.c ****   *
  13:Src/stm32f4xx_hal_msp.c ****   * This software is licensed under terms that can be found in the LICENSE file
  14:Src/stm32f4xx_hal_msp.c ****   * in the root directory of this software component.
  15:Src/stm32f4xx_hal_msp.c ****   * If no LICENSE file comes with this software, it is provided AS-IS.
  16:Src/stm32f4xx_hal_msp.c ****   *
  17:Src/stm32f4xx_hal_msp.c ****   ******************************************************************************
  18:Src/stm32f4xx_hal_msp.c ****   */
  19:Src/stm32f4xx_hal_msp.c **** /* USER CODE END Header */
  20:Src/stm32f4xx_hal_msp.c **** 
  21:Src/stm32f4xx_hal_msp.c **** /* Includes ------------------------------------------------------------------*/
  22:Src/stm32f4xx_hal_msp.c **** #include "main.h"
  23:Src/stm32f4xx_hal_msp.c **** 
  24:Src/stm32f4xx_hal_msp.c **** /* USER CODE BEGIN Includes */
  25:Src/stm32f4xx_hal_msp.c **** 
  26:Src/stm32f4xx_hal_msp.c **** /* USER CODE END Includes */
  27:Src/stm32f4xx_hal_msp.c **** 
  28:Src/stm32f4xx_hal_msp.c **** /* Private typedef -----------------------------------------------------------*/
  29:Src/stm32f4xx_hal_msp.c **** /* USER CODE BEGIN TD */
  30:Src/stm32f4xx_hal_msp.c **** 
ARM GAS  C:\Users\manthing\AppData\Local\Temp\ccQjlC87.s 			page 2


  31:Src/stm32f4xx_hal_msp.c **** /* USER CODE END TD */
  32:Src/stm32f4xx_hal_msp.c **** 
  33:Src/stm32f4xx_hal_msp.c **** /* Private define ------------------------------------------------------------*/
  34:Src/stm32f4xx_hal_msp.c **** /* USER CODE BEGIN Define */
  35:Src/stm32f4xx_hal_msp.c **** 
  36:Src/stm32f4xx_hal_msp.c **** /* USER CODE END Define */
  37:Src/stm32f4xx_hal_msp.c **** 
  38:Src/stm32f4xx_hal_msp.c **** /* Private macro -------------------------------------------------------------*/
  39:Src/stm32f4xx_hal_msp.c **** /* USER CODE BEGIN Macro */
  40:Src/stm32f4xx_hal_msp.c **** 
  41:Src/stm32f4xx_hal_msp.c **** /* USER CODE END Macro */
  42:Src/stm32f4xx_hal_msp.c **** 
  43:Src/stm32f4xx_hal_msp.c **** /* Private variables ---------------------------------------------------------*/
  44:Src/stm32f4xx_hal_msp.c **** /* USER CODE BEGIN PV */
  45:Src/stm32f4xx_hal_msp.c **** 
  46:Src/stm32f4xx_hal_msp.c **** /* USER CODE END PV */
  47:Src/stm32f4xx_hal_msp.c **** 
  48:Src/stm32f4xx_hal_msp.c **** /* Private function prototypes -----------------------------------------------*/
  49:Src/stm32f4xx_hal_msp.c **** /* USER CODE BEGIN PFP */
  50:Src/stm32f4xx_hal_msp.c **** 
  51:Src/stm32f4xx_hal_msp.c **** /* USER CODE END PFP */
  52:Src/stm32f4xx_hal_msp.c **** 
  53:Src/stm32f4xx_hal_msp.c **** /* External functions --------------------------------------------------------*/
  54:Src/stm32f4xx_hal_msp.c **** /* USER CODE BEGIN ExternalFunctions */
  55:Src/stm32f4xx_hal_msp.c **** 
  56:Src/stm32f4xx_hal_msp.c **** /* USER CODE END ExternalFunctions */
  57:Src/stm32f4xx_hal_msp.c **** 
  58:Src/stm32f4xx_hal_msp.c **** /* USER CODE BEGIN 0 */
  59:Src/stm32f4xx_hal_msp.c **** 
  60:Src/stm32f4xx_hal_msp.c **** /* USER CODE END 0 */
  61:Src/stm32f4xx_hal_msp.c **** /**
  62:Src/stm32f4xx_hal_msp.c ****   * Initializes the Global MSP.
  63:Src/stm32f4xx_hal_msp.c ****   */
  64:Src/stm32f4xx_hal_msp.c **** void HAL_MspInit(void)
  65:Src/stm32f4xx_hal_msp.c **** {
  29              		.loc 1 65 1 view -0
  30              		.cfi_startproc
  31              		@ args = 0, pretend = 0, frame = 8
  32              		@ frame_needed = 0, uses_anonymous_args = 0
  33 0000 00B5     		push	{lr}
  34              	.LCFI0:
  35              		.cfi_def_cfa_offset 4
  36              		.cfi_offset 14, -4
  37 0002 83B0     		sub	sp, sp, #12
  38              	.LCFI1:
  39              		.cfi_def_cfa_offset 16
  66:Src/stm32f4xx_hal_msp.c ****   /* USER CODE BEGIN MspInit 0 */
  67:Src/stm32f4xx_hal_msp.c **** 
  68:Src/stm32f4xx_hal_msp.c ****   /* USER CODE END MspInit 0 */
  69:Src/stm32f4xx_hal_msp.c **** 
  70:Src/stm32f4xx_hal_msp.c ****   __HAL_RCC_SYSCFG_CLK_ENABLE();
  40              		.loc 1 70 3 view .LVU1
  41              	.LBB2:
  42              		.loc 1 70 3 view .LVU2
  43 0004 0021     		movs	r1, #0
  44 0006 0091     		str	r1, [sp]
  45              		.loc 1 70 3 view .LVU3
ARM GAS  C:\Users\manthing\AppData\Local\Temp\ccQjlC87.s 			page 3


  46 0008 0C4B     		ldr	r3, .L3
  47 000a 5A6C     		ldr	r2, [r3, #68]
  48 000c 42F48042 		orr	r2, r2, #16384
  49 0010 5A64     		str	r2, [r3, #68]
  50              		.loc 1 70 3 view .LVU4
  51 0012 5A6C     		ldr	r2, [r3, #68]
  52 0014 02F48042 		and	r2, r2, #16384
  53 0018 0092     		str	r2, [sp]
  54              		.loc 1 70 3 view .LVU5
  55 001a 009A     		ldr	r2, [sp]
  56              	.LBE2:
  57              		.loc 1 70 3 view .LVU6
  71:Src/stm32f4xx_hal_msp.c ****   __HAL_RCC_PWR_CLK_ENABLE();
  58              		.loc 1 71 3 view .LVU7
  59              	.LBB3:
  60              		.loc 1 71 3 view .LVU8
  61 001c 0191     		str	r1, [sp, #4]
  62              		.loc 1 71 3 view .LVU9
  63 001e 1A6C     		ldr	r2, [r3, #64]
  64 0020 42F08052 		orr	r2, r2, #268435456
  65 0024 1A64     		str	r2, [r3, #64]
  66              		.loc 1 71 3 view .LVU10
  67 0026 1B6C     		ldr	r3, [r3, #64]
  68 0028 03F08053 		and	r3, r3, #268435456
  69 002c 0193     		str	r3, [sp, #4]
  70              		.loc 1 71 3 view .LVU11
  71 002e 019B     		ldr	r3, [sp, #4]
  72              	.LBE3:
  73              		.loc 1 71 3 view .LVU12
  72:Src/stm32f4xx_hal_msp.c **** 
  73:Src/stm32f4xx_hal_msp.c ****   HAL_NVIC_SetPriorityGrouping(NVIC_PRIORITYGROUP_0);
  74              		.loc 1 73 3 view .LVU13
  75 0030 0720     		movs	r0, #7
  76 0032 FFF7FEFF 		bl	HAL_NVIC_SetPriorityGrouping
  77              	.LVL0:
  74:Src/stm32f4xx_hal_msp.c **** 
  75:Src/stm32f4xx_hal_msp.c ****   /* System interrupt init*/
  76:Src/stm32f4xx_hal_msp.c **** 
  77:Src/stm32f4xx_hal_msp.c ****   /* USER CODE BEGIN MspInit 1 */
  78:Src/stm32f4xx_hal_msp.c **** 
  79:Src/stm32f4xx_hal_msp.c ****   /* USER CODE END MspInit 1 */
  80:Src/stm32f4xx_hal_msp.c **** }
  78              		.loc 1 80 1 is_stmt 0 view .LVU14
  79 0036 03B0     		add	sp, sp, #12
  80              	.LCFI2:
  81              		.cfi_def_cfa_offset 4
  82              		@ sp needed
  83 0038 5DF804FB 		ldr	pc, [sp], #4
  84              	.L4:
  85              		.align	2
  86              	.L3:
  87 003c 00380240 		.word	1073887232
  88              		.cfi_endproc
  89              	.LFE130:
  91              		.section	.text.HAL_SPI_MspInit,"ax",%progbits
  92              		.align	1
  93              		.global	HAL_SPI_MspInit
ARM GAS  C:\Users\manthing\AppData\Local\Temp\ccQjlC87.s 			page 4


  94              		.syntax unified
  95              		.thumb
  96              		.thumb_func
  98              	HAL_SPI_MspInit:
  99              	.LVL1:
 100              	.LFB131:
  81:Src/stm32f4xx_hal_msp.c **** 
  82:Src/stm32f4xx_hal_msp.c **** /**
  83:Src/stm32f4xx_hal_msp.c **** * @brief SPI MSP Initialization
  84:Src/stm32f4xx_hal_msp.c **** * This function configures the hardware resources used in this example
  85:Src/stm32f4xx_hal_msp.c **** * @param hspi: SPI handle pointer
  86:Src/stm32f4xx_hal_msp.c **** * @retval None
  87:Src/stm32f4xx_hal_msp.c **** */
  88:Src/stm32f4xx_hal_msp.c **** void HAL_SPI_MspInit(SPI_HandleTypeDef* hspi)
  89:Src/stm32f4xx_hal_msp.c **** {
 101              		.loc 1 89 1 is_stmt 1 view -0
 102              		.cfi_startproc
 103              		@ args = 0, pretend = 0, frame = 32
 104              		@ frame_needed = 0, uses_anonymous_args = 0
 105              		.loc 1 89 1 is_stmt 0 view .LVU16
 106 0000 00B5     		push	{lr}
 107              	.LCFI3:
 108              		.cfi_def_cfa_offset 4
 109              		.cfi_offset 14, -4
 110 0002 89B0     		sub	sp, sp, #36
 111              	.LCFI4:
 112              		.cfi_def_cfa_offset 40
  90:Src/stm32f4xx_hal_msp.c ****   GPIO_InitTypeDef GPIO_InitStruct = {0};
 113              		.loc 1 90 3 is_stmt 1 view .LVU17
 114              		.loc 1 90 20 is_stmt 0 view .LVU18
 115 0004 0023     		movs	r3, #0
 116 0006 0393     		str	r3, [sp, #12]
 117 0008 0493     		str	r3, [sp, #16]
 118 000a 0593     		str	r3, [sp, #20]
 119 000c 0693     		str	r3, [sp, #24]
 120 000e 0793     		str	r3, [sp, #28]
  91:Src/stm32f4xx_hal_msp.c ****   if(hspi->Instance==SPI1)
 121              		.loc 1 91 3 is_stmt 1 view .LVU19
 122              		.loc 1 91 10 is_stmt 0 view .LVU20
 123 0010 0268     		ldr	r2, [r0]
 124              		.loc 1 91 5 view .LVU21
 125 0012 154B     		ldr	r3, .L9
 126 0014 9A42     		cmp	r2, r3
 127 0016 02D0     		beq	.L8
 128              	.LVL2:
 129              	.L5:
  92:Src/stm32f4xx_hal_msp.c ****   {
  93:Src/stm32f4xx_hal_msp.c ****   /* USER CODE BEGIN SPI1_MspInit 0 */
  94:Src/stm32f4xx_hal_msp.c **** 
  95:Src/stm32f4xx_hal_msp.c ****   /* USER CODE END SPI1_MspInit 0 */
  96:Src/stm32f4xx_hal_msp.c ****     /* Peripheral clock enable */
  97:Src/stm32f4xx_hal_msp.c ****     __HAL_RCC_SPI1_CLK_ENABLE();
  98:Src/stm32f4xx_hal_msp.c **** 
  99:Src/stm32f4xx_hal_msp.c ****     __HAL_RCC_GPIOA_CLK_ENABLE();
 100:Src/stm32f4xx_hal_msp.c ****     /**SPI1 GPIO Configuration
 101:Src/stm32f4xx_hal_msp.c ****     PA5     ------> SPI1_SCK
 102:Src/stm32f4xx_hal_msp.c ****     PA6     ------> SPI1_MISO
ARM GAS  C:\Users\manthing\AppData\Local\Temp\ccQjlC87.s 			page 5


 103:Src/stm32f4xx_hal_msp.c ****     PA7     ------> SPI1_MOSI
 104:Src/stm32f4xx_hal_msp.c ****     */
 105:Src/stm32f4xx_hal_msp.c ****     GPIO_InitStruct.Pin = SPI1_SCK_Pin|SPI1_MISO_Pin|SPI1_MOSI_Pin;
 106:Src/stm32f4xx_hal_msp.c ****     GPIO_InitStruct.Mode = GPIO_MODE_AF_PP;
 107:Src/stm32f4xx_hal_msp.c ****     GPIO_InitStruct.Pull = GPIO_NOPULL;
 108:Src/stm32f4xx_hal_msp.c ****     GPIO_InitStruct.Speed = GPIO_SPEED_FREQ_VERY_HIGH;
 109:Src/stm32f4xx_hal_msp.c ****     GPIO_InitStruct.Alternate = GPIO_AF5_SPI1;
 110:Src/stm32f4xx_hal_msp.c ****     HAL_GPIO_Init(GPIOA, &GPIO_InitStruct);
 111:Src/stm32f4xx_hal_msp.c **** 
 112:Src/stm32f4xx_hal_msp.c ****   /* USER CODE BEGIN SPI1_MspInit 1 */
 113:Src/stm32f4xx_hal_msp.c **** 
 114:Src/stm32f4xx_hal_msp.c ****   /* USER CODE END SPI1_MspInit 1 */
 115:Src/stm32f4xx_hal_msp.c ****   }
 116:Src/stm32f4xx_hal_msp.c **** 
 117:Src/stm32f4xx_hal_msp.c **** }
 130              		.loc 1 117 1 view .LVU22
 131 0018 09B0     		add	sp, sp, #36
 132              	.LCFI5:
 133              		.cfi_remember_state
 134              		.cfi_def_cfa_offset 4
 135              		@ sp needed
 136 001a 5DF804FB 		ldr	pc, [sp], #4
 137              	.LVL3:
 138              	.L8:
 139              	.LCFI6:
 140              		.cfi_restore_state
  97:Src/stm32f4xx_hal_msp.c **** 
 141              		.loc 1 97 5 is_stmt 1 view .LVU23
 142              	.LBB4:
  97:Src/stm32f4xx_hal_msp.c **** 
 143              		.loc 1 97 5 view .LVU24
 144 001e 0021     		movs	r1, #0
 145 0020 0191     		str	r1, [sp, #4]
  97:Src/stm32f4xx_hal_msp.c **** 
 146              		.loc 1 97 5 view .LVU25
 147 0022 03F58433 		add	r3, r3, #67584
 148 0026 5A6C     		ldr	r2, [r3, #68]
 149 0028 42F48052 		orr	r2, r2, #4096
 150 002c 5A64     		str	r2, [r3, #68]
  97:Src/stm32f4xx_hal_msp.c **** 
 151              		.loc 1 97 5 view .LVU26
 152 002e 5A6C     		ldr	r2, [r3, #68]
 153 0030 02F48052 		and	r2, r2, #4096
 154 0034 0192     		str	r2, [sp, #4]
  97:Src/stm32f4xx_hal_msp.c **** 
 155              		.loc 1 97 5 view .LVU27
 156 0036 019A     		ldr	r2, [sp, #4]
 157              	.LBE4:
  97:Src/stm32f4xx_hal_msp.c **** 
 158              		.loc 1 97 5 view .LVU28
  99:Src/stm32f4xx_hal_msp.c ****     /**SPI1 GPIO Configuration
 159              		.loc 1 99 5 view .LVU29
 160              	.LBB5:
  99:Src/stm32f4xx_hal_msp.c ****     /**SPI1 GPIO Configuration
 161              		.loc 1 99 5 view .LVU30
 162 0038 0291     		str	r1, [sp, #8]
  99:Src/stm32f4xx_hal_msp.c ****     /**SPI1 GPIO Configuration
ARM GAS  C:\Users\manthing\AppData\Local\Temp\ccQjlC87.s 			page 6


 163              		.loc 1 99 5 view .LVU31
 164 003a 1A6B     		ldr	r2, [r3, #48]
 165 003c 42F00102 		orr	r2, r2, #1
 166 0040 1A63     		str	r2, [r3, #48]
  99:Src/stm32f4xx_hal_msp.c ****     /**SPI1 GPIO Configuration
 167              		.loc 1 99 5 view .LVU32
 168 0042 1B6B     		ldr	r3, [r3, #48]
 169 0044 03F00103 		and	r3, r3, #1
 170 0048 0293     		str	r3, [sp, #8]
  99:Src/stm32f4xx_hal_msp.c ****     /**SPI1 GPIO Configuration
 171              		.loc 1 99 5 view .LVU33
 172 004a 029B     		ldr	r3, [sp, #8]
 173              	.LBE5:
  99:Src/stm32f4xx_hal_msp.c ****     /**SPI1 GPIO Configuration
 174              		.loc 1 99 5 view .LVU34
 105:Src/stm32f4xx_hal_msp.c ****     GPIO_InitStruct.Mode = GPIO_MODE_AF_PP;
 175              		.loc 1 105 5 view .LVU35
 105:Src/stm32f4xx_hal_msp.c ****     GPIO_InitStruct.Mode = GPIO_MODE_AF_PP;
 176              		.loc 1 105 25 is_stmt 0 view .LVU36
 177 004c E023     		movs	r3, #224
 178 004e 0393     		str	r3, [sp, #12]
 106:Src/stm32f4xx_hal_msp.c ****     GPIO_InitStruct.Pull = GPIO_NOPULL;
 179              		.loc 1 106 5 is_stmt 1 view .LVU37
 106:Src/stm32f4xx_hal_msp.c ****     GPIO_InitStruct.Pull = GPIO_NOPULL;
 180              		.loc 1 106 26 is_stmt 0 view .LVU38
 181 0050 0223     		movs	r3, #2
 182 0052 0493     		str	r3, [sp, #16]
 107:Src/stm32f4xx_hal_msp.c ****     GPIO_InitStruct.Speed = GPIO_SPEED_FREQ_VERY_HIGH;
 183              		.loc 1 107 5 is_stmt 1 view .LVU39
 108:Src/stm32f4xx_hal_msp.c ****     GPIO_InitStruct.Alternate = GPIO_AF5_SPI1;
 184              		.loc 1 108 5 view .LVU40
 108:Src/stm32f4xx_hal_msp.c ****     GPIO_InitStruct.Alternate = GPIO_AF5_SPI1;
 185              		.loc 1 108 27 is_stmt 0 view .LVU41
 186 0054 0323     		movs	r3, #3
 187 0056 0693     		str	r3, [sp, #24]
 109:Src/stm32f4xx_hal_msp.c ****     HAL_GPIO_Init(GPIOA, &GPIO_InitStruct);
 188              		.loc 1 109 5 is_stmt 1 view .LVU42
 109:Src/stm32f4xx_hal_msp.c ****     HAL_GPIO_Init(GPIOA, &GPIO_InitStruct);
 189              		.loc 1 109 31 is_stmt 0 view .LVU43
 190 0058 0523     		movs	r3, #5
 191 005a 0793     		str	r3, [sp, #28]
 110:Src/stm32f4xx_hal_msp.c **** 
 192              		.loc 1 110 5 is_stmt 1 view .LVU44
 193 005c 03A9     		add	r1, sp, #12
 194 005e 0348     		ldr	r0, .L9+4
 195              	.LVL4:
 110:Src/stm32f4xx_hal_msp.c **** 
 196              		.loc 1 110 5 is_stmt 0 view .LVU45
 197 0060 FFF7FEFF 		bl	HAL_GPIO_Init
 198              	.LVL5:
 199              		.loc 1 117 1 view .LVU46
 200 0064 D8E7     		b	.L5
 201              	.L10:
 202 0066 00BF     		.align	2
 203              	.L9:
 204 0068 00300140 		.word	1073819648
 205 006c 00000240 		.word	1073872896
ARM GAS  C:\Users\manthing\AppData\Local\Temp\ccQjlC87.s 			page 7


 206              		.cfi_endproc
 207              	.LFE131:
 209              		.section	.text.HAL_SPI_MspDeInit,"ax",%progbits
 210              		.align	1
 211              		.global	HAL_SPI_MspDeInit
 212              		.syntax unified
 213              		.thumb
 214              		.thumb_func
 216              	HAL_SPI_MspDeInit:
 217              	.LVL6:
 218              	.LFB132:
 118:Src/stm32f4xx_hal_msp.c **** 
 119:Src/stm32f4xx_hal_msp.c **** /**
 120:Src/stm32f4xx_hal_msp.c **** * @brief SPI MSP De-Initialization
 121:Src/stm32f4xx_hal_msp.c **** * This function freeze the hardware resources used in this example
 122:Src/stm32f4xx_hal_msp.c **** * @param hspi: SPI handle pointer
 123:Src/stm32f4xx_hal_msp.c **** * @retval None
 124:Src/stm32f4xx_hal_msp.c **** */
 125:Src/stm32f4xx_hal_msp.c **** void HAL_SPI_MspDeInit(SPI_HandleTypeDef* hspi)
 126:Src/stm32f4xx_hal_msp.c **** {
 219              		.loc 1 126 1 is_stmt 1 view -0
 220              		.cfi_startproc
 221              		@ args = 0, pretend = 0, frame = 0
 222              		@ frame_needed = 0, uses_anonymous_args = 0
 223              		.loc 1 126 1 is_stmt 0 view .LVU48
 224 0000 08B5     		push	{r3, lr}
 225              	.LCFI7:
 226              		.cfi_def_cfa_offset 8
 227              		.cfi_offset 3, -8
 228              		.cfi_offset 14, -4
 127:Src/stm32f4xx_hal_msp.c ****   if(hspi->Instance==SPI1)
 229              		.loc 1 127 3 is_stmt 1 view .LVU49
 230              		.loc 1 127 10 is_stmt 0 view .LVU50
 231 0002 0268     		ldr	r2, [r0]
 232              		.loc 1 127 5 view .LVU51
 233 0004 064B     		ldr	r3, .L15
 234 0006 9A42     		cmp	r2, r3
 235 0008 00D0     		beq	.L14
 236              	.LVL7:
 237              	.L11:
 128:Src/stm32f4xx_hal_msp.c ****   {
 129:Src/stm32f4xx_hal_msp.c ****   /* USER CODE BEGIN SPI1_MspDeInit 0 */
 130:Src/stm32f4xx_hal_msp.c **** 
 131:Src/stm32f4xx_hal_msp.c ****   /* USER CODE END SPI1_MspDeInit 0 */
 132:Src/stm32f4xx_hal_msp.c ****     /* Peripheral clock disable */
 133:Src/stm32f4xx_hal_msp.c ****     __HAL_RCC_SPI1_CLK_DISABLE();
 134:Src/stm32f4xx_hal_msp.c **** 
 135:Src/stm32f4xx_hal_msp.c ****     /**SPI1 GPIO Configuration
 136:Src/stm32f4xx_hal_msp.c ****     PA5     ------> SPI1_SCK
 137:Src/stm32f4xx_hal_msp.c ****     PA6     ------> SPI1_MISO
 138:Src/stm32f4xx_hal_msp.c ****     PA7     ------> SPI1_MOSI
 139:Src/stm32f4xx_hal_msp.c ****     */
 140:Src/stm32f4xx_hal_msp.c ****     HAL_GPIO_DeInit(GPIOA, SPI1_SCK_Pin|SPI1_MISO_Pin|SPI1_MOSI_Pin);
 141:Src/stm32f4xx_hal_msp.c **** 
 142:Src/stm32f4xx_hal_msp.c ****   /* USER CODE BEGIN SPI1_MspDeInit 1 */
 143:Src/stm32f4xx_hal_msp.c **** 
 144:Src/stm32f4xx_hal_msp.c ****   /* USER CODE END SPI1_MspDeInit 1 */
ARM GAS  C:\Users\manthing\AppData\Local\Temp\ccQjlC87.s 			page 8


 145:Src/stm32f4xx_hal_msp.c ****   }
 146:Src/stm32f4xx_hal_msp.c **** 
 147:Src/stm32f4xx_hal_msp.c **** }
 238              		.loc 1 147 1 view .LVU52
 239 000a 08BD     		pop	{r3, pc}
 240              	.LVL8:
 241              	.L14:
 133:Src/stm32f4xx_hal_msp.c **** 
 242              		.loc 1 133 5 is_stmt 1 view .LVU53
 243 000c 054A     		ldr	r2, .L15+4
 244 000e 536C     		ldr	r3, [r2, #68]
 245 0010 23F48053 		bic	r3, r3, #4096
 246 0014 5364     		str	r3, [r2, #68]
 140:Src/stm32f4xx_hal_msp.c **** 
 247              		.loc 1 140 5 view .LVU54
 248 0016 E021     		movs	r1, #224
 249 0018 0348     		ldr	r0, .L15+8
 250              	.LVL9:
 140:Src/stm32f4xx_hal_msp.c **** 
 251              		.loc 1 140 5 is_stmt 0 view .LVU55
 252 001a FFF7FEFF 		bl	HAL_GPIO_DeInit
 253              	.LVL10:
 254              		.loc 1 147 1 view .LVU56
 255 001e F4E7     		b	.L11
 256              	.L16:
 257              		.align	2
 258              	.L15:
 259 0020 00300140 		.word	1073819648
 260 0024 00380240 		.word	1073887232
 261 0028 00000240 		.word	1073872896
 262              		.cfi_endproc
 263              	.LFE132:
 265              		.text
 266              	.Letext0:
 267              		.file 2 "C:\\ST\\STM32CubeCLT\\GNU-tools-for-STM32\\bin/../lib/gcc/arm-none-eabi/11.3.1/../../../.
 268              		.file 3 "C:\\ST\\STM32CubeCLT\\GNU-tools-for-STM32\\bin/../lib/gcc/arm-none-eabi/11.3.1/../../../.
 269              		.file 4 "Drivers/CMSIS/Device/ST/STM32F4xx/Include/stm32f411xe.h"
 270              		.file 5 "Drivers/STM32F4xx_HAL_Driver/Inc/stm32f4xx_hal_def.h"
 271              		.file 6 "Drivers/STM32F4xx_HAL_Driver/Inc/stm32f4xx_hal_gpio.h"
 272              		.file 7 "Drivers/STM32F4xx_HAL_Driver/Inc/stm32f4xx_hal_dma.h"
 273              		.file 8 "Drivers/STM32F4xx_HAL_Driver/Inc/stm32f4xx_hal_spi.h"
 274              		.file 9 "Drivers/STM32F4xx_HAL_Driver/Inc/stm32f4xx_hal_cortex.h"
ARM GAS  C:\Users\manthing\AppData\Local\Temp\ccQjlC87.s 			page 9


DEFINED SYMBOLS
                            *ABS*:0000000000000000 stm32f4xx_hal_msp.c
C:\Users\manthing\AppData\Local\Temp\ccQjlC87.s:20     .text.HAL_MspInit:0000000000000000 $t
C:\Users\manthing\AppData\Local\Temp\ccQjlC87.s:26     .text.HAL_MspInit:0000000000000000 HAL_MspInit
C:\Users\manthing\AppData\Local\Temp\ccQjlC87.s:87     .text.HAL_MspInit:000000000000003c $d
C:\Users\manthing\AppData\Local\Temp\ccQjlC87.s:92     .text.HAL_SPI_MspInit:0000000000000000 $t
C:\Users\manthing\AppData\Local\Temp\ccQjlC87.s:98     .text.HAL_SPI_MspInit:0000000000000000 HAL_SPI_MspInit
C:\Users\manthing\AppData\Local\Temp\ccQjlC87.s:204    .text.HAL_SPI_MspInit:0000000000000068 $d
C:\Users\manthing\AppData\Local\Temp\ccQjlC87.s:210    .text.HAL_SPI_MspDeInit:0000000000000000 $t
C:\Users\manthing\AppData\Local\Temp\ccQjlC87.s:216    .text.HAL_SPI_MspDeInit:0000000000000000 HAL_SPI_MspDeInit
C:\Users\manthing\AppData\Local\Temp\ccQjlC87.s:259    .text.HAL_SPI_MspDeInit:0000000000000020 $d

UNDEFINED SYMBOLS
HAL_NVIC_SetPriorityGrouping
HAL_GPIO_Init
HAL_GPIO_DeInit
